#
# A fatal error has been detected by the Java Runtime Environment:
#
#  EXCEPTION_ACCESS_VIOLATION (0xc0000005) at pc=0x00007ff95bcd38ab, pid=24860, tid=20292
#
# JRE version: Java(TM) SE Runtime Environment (11.0.2+7) (build 11.0.2+7-LTS)
# Java VM: Java HotSpot(TM) 64-Bit Server VM (11.0.2+7-LTS, mixed mode, tiered, compressed oops, g1 gc, windows-amd64)
# Problematic frame:
# V  [jvm.dll+0x6938ab]
#
# No core dump will be written. Minidumps are not enabled by default on client versions of Windows
#
# If you would like to submit a bug report, please visit:
#   http://bugreport.java.com/bugreport/crash.jsp
#

---------------  S U M M A R Y ------------

Command Line: -agentlib:jdwp=transport=dt_socket,address=127.0.0.1:55709,suspend=y,server=n -ea -Didea.test.cyclic.buffer.size=1048576 -javaagent:C:\Users\Administrator\AppData\Local\JetBrains\IntelliJIdea2020.3\captureAgent\debugger-agent.jar -Dfile.encoding=UTF-8 com.intellij.rt.junit.JUnitStarter -ideVersion5 -junit5 com.silence.elasticsearch.EsTest,multiSearchIndex

Host: Intel(R) Core(TM) i5-10400 CPU @ 2.90GHz, 12 cores, 7G,  Windows 10 , 64 bit Build 19041 (10.0.19041.1741)
Time: Sat Aug  6 16:05:27 2022 中国标准时间 elapsed time: 126 seconds (0d 0h 2m 6s)

---------------  T H R E A D  ---------------

Current thread (0x0000016e4d5ab800):  JavaThread "main" [_thread_in_vm, id=20292, stack(0x0000000fe5a00000,0x0000000fe5b00000)]

Stack: [0x0000000fe5a00000,0x0000000fe5b00000],  sp=0x0000000fe5af8180,  free space=992k
Native frames: (J=compiled Java code, j=interpreted, Vv=VM code, C=native code)
V  [jvm.dll+0x6938ab]
V  [jvm.dll+0x395a73]
V  [jvm.dll+0x531c59]
V  [jvm.dll+0x399416]
V  [jvm.dll+0x6c6685]
V  [jvm.dll+0x6c5fc2]
V  [jvm.dll+0x4279d0]
C  0x0000016e558d5c56

Java frames: (J=compiled Java code, j=interpreted, Vv=VM code)
j  java.lang.StackStreamFactory$AbstractStackWalker.fetchStackFrames(JJII[Ljava/lang/Object;)I+0 java.base@11.0.2
j  java.lang.StackStreamFactory$AbstractStackWalker.fetchStackFrames(I)I+35 java.base@11.0.2
j  java.lang.StackStreamFactory$AbstractStackWalker.getNextBatch()I+61 java.base@11.0.2
j  java.lang.StackStreamFactory$AbstractStackWalker.peekFrame()Ljava/lang/Class;+32 java.base@11.0.2
j  java.lang.StackStreamFactory$AbstractStackWalker.hasNext()Z+1 java.base@11.0.2
j  java.lang.StackStreamFactory$StackFrameTraverser.tryAdvance(Ljava/util/function/Consumer;)Z+16 java.base@11.0.2
j  java.util.stream.ReferencePipeline.forEachWithCancel(Ljava/util/Spliterator;Ljava/util/stream/Sink;)Z+13 java.base@11.0.2
j  java.util.stream.AbstractPipeline.copyIntoWithCancel(Ljava/util/stream/Sink;Ljava/util/Spliterator;)Z+32 java.base@11.0.2
j  java.util.stream.AbstractPipeline.copyInto(Ljava/util/stream/Sink;Ljava/util/Spliterator;)V+49 java.base@11.0.2
j  java.util.stream.AbstractPipeline.wrapAndCopyInto(Ljava/util/stream/Sink;Ljava/util/Spliterator;)Ljava/util/stream/Sink;+13 java.base@11.0.2
j  java.util.stream.FindOps$FindOp.evaluateSequential(Ljava/util/stream/PipelineHelper;Ljava/util/Spliterator;)Ljava/lang/Object;+14 java.base@11.0.2
j  java.util.stream.AbstractPipeline.evaluate(Ljava/util/stream/TerminalOp;)Ljava/lang/Object;+88 java.base@11.0.2
j  java.util.stream.ReferencePipeline.findFirst()Ljava/util/Optional;+5 java.base@11.0.2
j  org.apache.logging.log4j.util.StackLocator.lambda$calcLocation$12(Ljava/lang/String;Ljava/util/stream/Stream;)Ljava/util/Optional;+23
j  org.apache.logging.log4j.util.StackLocator$$Lambda$692.apply(Ljava/lang/Object;)Ljava/lang/Object;+8
j  java.lang.StackStreamFactory$StackFrameTraverser.consumeFrames()Ljava/lang/Object;+25 java.base@11.0.2
j  java.lang.StackStreamFactory$AbstractStackWalker.doStackWalk(JIIII)Ljava/lang/Object;+78 java.base@11.0.2
v  ~StubRoutines::call_stub
j  java.lang.StackStreamFactory$AbstractStackWalker.callStackWalk(JIII[Ljava/lang/Object;)Ljava/lang/Object;+0 java.base@11.0.2
j  java.lang.StackStreamFactory$AbstractStackWalker.beginStackWalk()Ljava/lang/Object;+31 java.base@11.0.2
j  java.lang.StackStreamFactory$AbstractStackWalker.walk()Ljava/lang/Object;+8 java.base@11.0.2
j  java.lang.StackWalker.walk(Ljava/util/function/Function;)Ljava/lang/Object;+10 java.base@11.0.2
j  org.apache.logging.log4j.util.StackLocator.calcLocation(Ljava/lang/String;)Ljava/lang/StackTraceElement;+9
j  org.apache.logging.log4j.util.StackLocatorUtil.calcLocation(Ljava/lang/String;)Ljava/lang/StackTraceElement;+4
j  org.apache.logging.log4j.spi.AbstractLogger.getLocation(Ljava/lang/String;)Ljava/lang/StackTraceElement;+8
j  org.apache.logging.log4j.spi.AbstractLogger.logMessageTrackRecursion(Ljava/lang/String;Lorg/apache/logging/log4j/Level;Lorg/apache/logging/log4j/Marker;Lorg/apache/logging/log4j/message/Message;Ljava/lang/Throwable;)V+7
j  org.apache.logging.log4j.spi.AbstractLogger.logMessageSafely(Ljava/lang/String;Lorg/apache/logging/log4j/Level;Lorg/apache/logging/log4j/Marker;Lorg/apache/logging/log4j/message/Message;Ljava/lang/Throwable;)V+8
j  org.apache.logging.log4j.spi.AbstractLogger.logMessage(Ljava/lang/String;Lorg/apache/logging/log4j/Level;Lorg/apache/logging/log4j/Marker;Ljava/lang/String;)V+26
j  org.apache.logging.log4j.spi.AbstractLogger.logIfEnabled(Ljava/lang/String;Lorg/apache/logging/log4j/Level;Lorg/apache/logging/log4j/Marker;Ljava/lang/String;)V+17
j  org.apache.commons.logging.LogAdapter$Log4jLog.log(Lorg/apache/logging/log4j/Level;Ljava/lang/Object;Ljava/lang/Throwable;)V+46
j  org.apache.commons.logging.LogAdapter$Log4jLog.debug(Ljava/lang/Object;)V+6
j  org.elasticsearch.client.RequestLogger.logResponse(Lorg/apache/commons/logging/Log;Lorg/apache/http/client/methods/HttpUriRequest;Lorg/apache/http/HttpHost;Lorg/apache/http/HttpResponse;)V+74
j  org.elasticsearch.client.RestClient.convertResponse(Lorg/elasticsearch/client/RestClient$InternalRequest;Lorg/elasticsearch/client/Node;Lorg/apache/http/HttpResponse;)Lorg/elasticsearch/client/RestClient$ResponseOrResponseException;+12
j  org.elasticsearch.client.RestClient.performRequest(Lorg/elasticsearch/client/RestClient$NodeTuple;Lorg/elasticsearch/client/RestClient$InternalRequest;Ljava/lang/Exception;)Lorg/elasticsearch/client/Response;+176
j  org.elasticsearch.client.RestClient.performRequest(Lorg/elasticsearch/client/Request;)Lorg/elasticsearch/client/Response;+17
j  org.elasticsearch.client.RestHighLevelClient.internalPerformRequest(Ljava/lang/Object;Lorg/elasticsearch/common/CheckedFunction;Lorg/elasticsearch/client/RequestOptions;Lorg/elasticsearch/common/CheckedFunction;Ljava/util/Set;)Ljava/lang/Object;+24
j  org.elasticsearch.client.RestHighLevelClient.performRequest(Lorg/elasticsearch/action/ActionRequest;Lorg/elasticsearch/common/CheckedFunction;Lorg/elasticsearch/client/RequestOptions;Lorg/elasticsearch/common/CheckedFunction;Ljava/util/Set;)Ljava/lang/Object;+35
j  org.elasticsearch.client.RestHighLevelClient.performRequestAndParseEntity(Lorg/elasticsearch/action/ActionRequest;Lorg/elasticsearch/common/CheckedFunction;Lorg/elasticsearch/client/RequestOptions;Lorg/elasticsearch/common/CheckedFunction;Ljava/util/Set;)Ljava/lang/Object;+14
j  org.elasticsearch.client.RestHighLevelClient.count(Lorg/elasticsearch/client/core/CountRequest;Lorg/elasticsearch/client/RequestOptions;)Lorg/elasticsearch/client/core/CountResponse;+16
j  com.silence.elasticsearch.EsTest.multiSearchIndex()V+515
v  ~StubRoutines::call_stub
J 2826  jdk.internal.reflect.NativeMethodAccessorImpl.invoke0(Ljava/lang/reflect/Method;Ljava/lang/Object;[Ljava/lang/Object;)Ljava/lang/Object; java.base@11.0.2 (0 bytes) @ 0x0000016e5d4ee73f [0x0000016e5d4ee6c0+0x000000000000007f]
J 2825 c1 jdk.internal.reflect.NativeMethodAccessorImpl.invoke(Ljava/lang/Object;[Ljava/lang/Object;)Ljava/lang/Object; java.base@11.0.2 (104 bytes) @ 0x0000016e56453fec [0x0000016e564533c0+0x0000000000000c2c]
J 6566 c2 jdk.internal.reflect.DelegatingMethodAccessorImpl.invoke(Ljava/lang/Object;[Ljava/lang/Object;)Ljava/lang/Object; java.base@11.0.2 (10 bytes) @ 0x0000016e5d88f4f0 [0x0000016e5d88f4a0+0x0000000000000050]
J 2799 c1 java.lang.reflect.Method.invoke(Ljava/lang/Object;[Ljava/lang/Object;)Ljava/lang/Object; java.base@11.0.2 (65 bytes) @ 0x0000016e56442bec [0x0000016e564428a0+0x000000000000034c]
j  org.junit.platform.commons.util.ReflectionUtils.invokeMethod(Ljava/lang/reflect/Method;Ljava/lang/Object;[Ljava/lang/Object;)Ljava/lang/Object;+41
j  org.junit.jupiter.engine.execution.MethodInvocation.proceed()Ljava/lang/Object;+16
j  org.junit.jupiter.engine.execution.InvocationInterceptorChain$ValidatingInvocation.proceed()Ljava/lang/Object;+8
j  org.junit.jupiter.engine.extension.TimeoutExtension.intercept(Lorg/junit/jupiter/api/extension/InvocationInterceptor$Invocation;Lorg/junit/jupiter/api/extension/ReflectiveInvocationContext;Lorg/junit/jupiter/api/extension/ExtensionContext;Lorg/junit/jupiter/engine/extension/TimeoutDuration;Lorg/junit/jupiter/engine/extension/TimeoutExtension$TimeoutProvider;)Ljava/lang/Object;+28
j  org.junit.jupiter.engine.extension.TimeoutExtension.interceptTestableMethod(Lorg/junit/jupiter/api/extension/InvocationInterceptor$Invocation;Lorg/junit/jupiter/api/extension/ReflectiveInvocationContext;Lorg/junit/jupiter/api/extension/ExtensionContext;Lorg/junit/jupiter/engine/extension/TimeoutExtension$TimeoutProvider;)Ljava/lang/Object;+31
j  org.junit.jupiter.engine.extension.TimeoutExtension.interceptTestMethod(Lorg/junit/jupiter/api/extension/InvocationInterceptor$Invocation;Lorg/junit/jupiter/api/extension/ReflectiveInvocationContext;Lorg/junit/jupiter/api/extension/ExtensionContext;)V+9
j  org.junit.jupiter.engine.descriptor.TestMethodTestDescriptor$$Lambda$143.apply(Lorg/junit/jupiter/api/extension/InvocationInterceptor;Lorg/junit/jupiter/api/extension/InvocationInterceptor$Invocation;Lorg/junit/jupiter/api/extension/ReflectiveInvocationContext;Lorg/junit/jupiter/api/extension/ExtensionContext;)V+5
j  org.junit.jupiter.engine.execution.ExecutableInvoker$ReflectiveInterceptorCall.lambda$ofVoidMethod$0(Lorg/junit/jupiter/engine/execution/ExecutableInvoker$ReflectiveInterceptorCall$VoidMethodInterceptorCall;Lorg/junit/jupiter/api/extension/InvocationInterceptor;Lorg/junit/jupiter/api/extension/InvocationInterceptor$Invocation;Lorg/junit/jupiter/api/extension/ReflectiveInvocationContext;Lorg/junit/jupiter/api/extension/ExtensionContext;)Ljava/lang/Void;+6
j  org.junit.jupiter.engine.execution.ExecutableInvoker$ReflectiveInterceptorCall$$Lambda$144.apply(Lorg/junit/jupiter/api/extension/InvocationInterceptor;Lorg/junit/jupiter/api/extension/InvocationInterceptor$Invocation;Lorg/junit/jupiter/api/extension/ReflectiveInvocationContext;Lorg/junit/jupiter/api/extension/ExtensionContext;)Ljava/lang/Object;+9
j  org.junit.jupiter.engine.execution.ExecutableInvoker.lambda$invoke$0(Lorg/junit/jupiter/engine/execution/ExecutableInvoker$ReflectiveInterceptorCall;Lorg/junit/jupiter/api/extension/ReflectiveInvocationContext;Lorg/junit/jupiter/api/extension/ExtensionContext;Lorg/junit/jupiter/api/extension/InvocationInterceptor;Lorg/junit/jupiter/api/extension/InvocationInterceptor$Invocation;)Ljava/lang/Object;+6
j  org.junit.jupiter.engine.execution.ExecutableInvoker$$Lambda$398.apply(Lorg/junit/jupiter/api/extension/InvocationInterceptor;Lorg/junit/jupiter/api/extension/InvocationInterceptor$Invocation;)Ljava/lang/Object;+14
j  org.junit.jupiter.engine.execution.InvocationInterceptorChain$InterceptedInvocation.proceed()Ljava/lang/Object;+12
j  org.junit.jupiter.engine.execution.InvocationInterceptorChain.proceed(Lorg/junit/jupiter/api/extension/InvocationInterceptor$Invocation;)Ljava/lang/Object;+1
j  org.junit.jupiter.engine.execution.InvocationInterceptorChain.chainAndInvoke(Lorg/junit/jupiter/api/extension/InvocationInterceptor$Invocation;Lorg/junit/jupiter/engine/execution/InvocationInterceptorChain$InterceptorCall;Ljava/util/List;)Ljava/lang/Object;+24
j  org.junit.jupiter.engine.execution.InvocationInterceptorChain.invoke(Lorg/junit/jupiter/api/extension/InvocationInterceptor$Invocation;Lorg/junit/jupiter/engine/extension/ExtensionRegistry;Lorg/junit/jupiter/engine/execution/InvocationInterceptorChain$InterceptorCall;)Ljava/lang/Object;+31
j  org.junit.jupiter.engine.execution.ExecutableInvoker.invoke(Lorg/junit/jupiter/api/extension/InvocationInterceptor$Invocation;Lorg/junit/jupiter/api/extension/ReflectiveInvocationContext;Lorg/junit/jupiter/api/extension/ExtensionContext;Lorg/junit/jupiter/engine/extension/ExtensionRegistry;Lorg/junit/jupiter/engine/execution/ExecutableInvoker$ReflectiveInterceptorCall;)Ljava/lang/Object;+15
j  org.junit.jupiter.engine.execution.ExecutableInvoker.invoke(Ljava/lang/reflect/Method;Ljava/lang/Object;Lorg/junit/jupiter/api/extension/ExtensionContext;Lorg/junit/jupiter/engine/extension/ExtensionRegistry;Lorg/junit/jupiter/engine/execution/ExecutableInvoker$ReflectiveInterceptorCall;)Ljava/lang/Object;+56
j  org.junit.jupiter.engine.descriptor.TestMethodTestDescriptor.lambda$invokeTestMethod$6(Lorg/junit/jupiter/api/extension/ExtensionContext;Lorg/junit/jupiter/engine/execution/JupiterEngineExecutionContext;)V+28
j  org.junit.jupiter.engine.descriptor.TestMethodTestDescriptor$$Lambda$1404.execute()V+12
j  org.junit.platform.engine.support.hierarchical.ThrowableCollector.execute(Lorg/junit/platform/engine/support/hierarchical/ThrowableCollector$Executable;)V+1
j  org.junit.jupiter.engine.descriptor.TestMethodTestDescriptor.invokeTestMethod(Lorg/junit/jupiter/engine/execution/JupiterEngineExecutionContext;Lorg/junit/platform/engine/support/hierarchical/Node$DynamicTestExecutor;)V+21
j  org.junit.jupiter.engine.descriptor.TestMethodTestDescriptor.execute(Lorg/junit/jupiter/engine/execution/JupiterEngineExecutionContext;Lorg/junit/platform/engine/support/hierarchical/Node$DynamicTestExecutor;)Lorg/junit/jupiter/engine/execution/JupiterEngineExecutionContext;+44
j  org.junit.jupiter.engine.descriptor.TestMethodTestDescriptor.execute(Lorg/junit/platform/engine/support/hierarchical/EngineExecutionContext;Lorg/junit/platform/engine/support/hierarchical/Node$DynamicTestExecutor;)Lorg/junit/platform/engine/support/hierarchical/EngineExecutionContext;+6
j  org.junit.platform.engine.support.hierarchical.NodeTestTask.lambda$executeRecursively$5()V+79
j  org.junit.platform.engine.support.hierarchical.NodeTestTask$$Lambda$222.execute()V+4
j  org.junit.platform.engine.support.hierarchical.ThrowableCollector.execute(Lorg/junit/platform/engine/support/hierarchical/ThrowableCollector$Executable;)V+1
j  org.junit.platform.engine.support.hierarchical.NodeTestTask.lambda$executeRecursively$7(Lorg/junit/platform/engine/support/hierarchical/EngineExecutionContext;)V+15
j  org.junit.platform.engine.support.hierarchical.NodeTestTask$$Lambda$221.invoke(Lorg/junit/platform/engine/support/hierarchical/EngineExecutionContext;)V+5
j  org.junit.platform.engine.support.hierarchical.Node.around(Lorg/junit/platform/engine/support/hierarchical/EngineExecutionContext;Lorg/junit/platform/engine/support/hierarchical/Node$Invocation;)V+2
j  org.junit.platform.engine.support.hierarchical.NodeTestTask.lambda$executeRecursively$8()V+14
j  org.junit.platform.engine.support.hierarchical.NodeTestTask$$Lambda$220.execute()V+4
j  org.junit.platform.engine.support.hierarchical.ThrowableCollector.execute(Lorg/junit/platform/engine/support/hierarchical/ThrowableCollector$Executable;)V+1
j  org.junit.platform.engine.support.hierarchical.NodeTestTask.executeRecursively()V+31
j  org.junit.platform.engine.support.hierarchical.NodeTestTask.execute()V+55
j  org.junit.platform.engine.support.hierarchical.SameThreadHierarchicalTestExecutorService$$Lambda$226.accept(Ljava/lang/Object;)V+4
j  java.util.ArrayList.forEach(Ljava/util/function/Consumer;)V+46 java.base@11.0.2
j  org.junit.platform.engine.support.hierarchical.SameThreadHierarchicalTestExecutorService.invokeAll(Ljava/util/List;)V+6
j  org.junit.platform.engine.support.hierarchical.NodeTestTask.lambda$executeRecursively$5()V+116
j  org.junit.platform.engine.support.hierarchical.NodeTestTask$$Lambda$222.execute()V+4
j  org.junit.platform.engine.support.hierarchical.ThrowableCollector.execute(Lorg/junit/platform/engine/support/hierarchical/ThrowableCollector$Executable;)V+1
j  org.junit.platform.engine.support.hierarchical.NodeTestTask.lambda$executeRecursively$7(Lorg/junit/platform/engine/support/hierarchical/EngineExecutionContext;)V+15
j  org.junit.platform.engine.support.hierarchical.NodeTestTask$$Lambda$221.invoke(Lorg/junit/platform/engine/support/hierarchical/EngineExecutionContext;)V+5
j  org.junit.platform.engine.support.hierarchical.Node.around(Lorg/junit/platform/engine/support/hierarchical/EngineExecutionContext;Lorg/junit/platform/engine/support/hierarchical/Node$Invocation;)V+2
j  org.junit.platform.engine.support.hierarchical.NodeTestTask.lambda$executeRecursively$8()V+14
j  org.junit.platform.engine.support.hierarchical.NodeTestTask$$Lambda$220.execute()V+4
j  org.junit.platform.engine.support.hierarchical.ThrowableCollector.execute(Lorg/junit/platform/engine/support/hierarchical/ThrowableCollector$Executable;)V+1
j  org.junit.platform.engine.support.hierarchical.NodeTestTask.executeRecursively()V+31
j  org.junit.platform.engine.support.hierarchical.NodeTestTask.execute()V+55
j  org.junit.platform.engine.support.hierarchical.SameThreadHierarchicalTestExecutorService$$Lambda$226.accept(Ljava/lang/Object;)V+4
j  java.util.ArrayList.forEach(Ljava/util/function/Consumer;)V+46 java.base@11.0.2
j  org.junit.platform.engine.support.hierarchical.SameThreadHierarchicalTestExecutorService.invokeAll(Ljava/util/List;)V+6
j  org.junit.platform.engine.support.hierarchical.NodeTestTask.lambda$executeRecursively$5()V+116
j  org.junit.platform.engine.support.hierarchical.NodeTestTask$$Lambda$222.execute()V+4
j  org.junit.platform.engine.support.hierarchical.ThrowableCollector.execute(Lorg/junit/platform/engine/support/hierarchical/ThrowableCollector$Executable;)V+1
j  org.junit.platform.engine.support.hierarchical.NodeTestTask.lambda$executeRecursively$7(Lorg/junit/platform/engine/support/hierarchical/EngineExecutionContext;)V+15
j  org.junit.platform.engine.support.hierarchical.NodeTestTask$$Lambda$221.invoke(Lorg/junit/platform/engine/support/hierarchical/EngineExecutionContext;)V+5
j  org.junit.platform.engine.support.hierarchical.Node.around(Lorg/junit/platform/engine/support/hierarchical/EngineExecutionContext;Lorg/junit/platform/engine/support/hierarchical/Node$Invocation;)V+2
j  org.junit.platform.engine.support.hierarchical.NodeTestTask.lambda$executeRecursively$8()V+14
j  org.junit.platform.engine.support.hierarchical.NodeTestTask$$Lambda$220.execute()V+4
j  org.junit.platform.engine.support.hierarchical.ThrowableCollector.execute(Lorg/junit/platform/engine/support/hierarchical/ThrowableCollector$Executable;)V+1
j  org.junit.platform.engine.support.hierarchical.NodeTestTask.executeRecursively()V+31
j  org.junit.platform.engine.support.hierarchical.NodeTestTask.execute()V+55
j  org.junit.platform.engine.support.hierarchical.SameThreadHierarchicalTestExecutorService.submit(Lorg/junit/platform/engine/support/hierarchical/HierarchicalTestExecutorService$TestTask;)Ljava/util/concurrent/Future;+1
j  org.junit.platform.engine.support.hierarchical.HierarchicalTestExecutor.execute()Ljava/util/concurrent/Future;+74
j  org.junit.platform.engine.support.hierarchical.HierarchicalTestEngine.execute(Lorg/junit/platform/engine/ExecutionRequest;)V+31
j  org.junit.platform.launcher.core.EngineExecutionOrchestrator.execute(Lorg/junit/platform/engine/TestDescriptor;Lorg/junit/platform/engine/EngineExecutionListener;Lorg/junit/platform/engine/ConfigurationParameters;Lorg/junit/platform/engine/TestEngine;)V+24
j  org.junit.platform.launcher.core.EngineExecutionOrchestrator.execute(Lorg/junit/platform/launcher/core/LauncherDiscoveryResult;Lorg/junit/platform/engine/EngineExecutionListener;)V+86
j  org.junit.platform.launcher.core.EngineExecutionOrchestrator.lambda$execute$0(Lorg/junit/platform/launcher/core/InternalTestPlan;Lorg/junit/platform/launcher/core/LauncherDiscoveryResult;Lorg/junit/platform/launcher/TestExecutionListener;)V+18
j  org.junit.platform.launcher.core.EngineExecutionOrchestrator$$Lambda$175.accept(Ljava/lang/Object;)V+16
j  org.junit.platform.launcher.core.EngineExecutionOrchestrator.withInterceptedStreams(Lorg/junit/platform/engine/ConfigurationParameters;Lorg/junit/platform/launcher/core/TestExecutionListenerRegistry;Ljava/util/function/Consumer;)V+43
j  org.junit.platform.launcher.core.EngineExecutionOrchestrator.execute(Lorg/junit/platform/launcher/core/InternalTestPlan;[Lorg/junit/platform/launcher/TestExecutionListener;)V+35
j  org.junit.platform.launcher.core.DefaultLauncher.execute(Lorg/junit/platform/launcher/core/InternalTestPlan;[Lorg/junit/platform/launcher/TestExecutionListener;)V+6
j  org.junit.platform.launcher.core.DefaultLauncher.execute(Lorg/junit/platform/launcher/LauncherDiscoveryRequest;[Lorg/junit/platform/launcher/TestExecutionListener;)V+33
j  com.intellij.junit5.JUnit5IdeaTestRunner.startRunnerWithArgs([Ljava/lang/String;Ljava/lang/String;IZ)I+202
j  com.intellij.rt.junit.IdeaTestRunner$Repeater.startRunnerWithArgs(Lcom/intellij/rt/junit/IdeaTestRunner;[Ljava/lang/String;Ljava/util/ArrayList;Ljava/lang/String;IZ)I+22
j  com.intellij.rt.junit.JUnitStarter.prepareStreamsAndStart([Ljava/lang/String;Ljava/lang/String;Ljava/util/ArrayList;Ljava/lang/String;)I+116
j  com.intellij.rt.junit.JUnitStarter.main([Ljava/lang/String;)V+97
v  ~StubRoutines::call_stub

siginfo: EXCEPTION_ACCESS_VIOLATION (0xc0000005), reading address 0x0000000000000008


Register to memory mapping:

RIP=0x00007ff95bcd38ab jvm.dll
RAX=0x0000000000000010 is an unknown value
RBX=0x0000016e6cee0040 points into unknown readable memory: b8 a8 f9 88 00 00 00 00
RCX=0x0000000088f9a8b8 is an oop: java.lang.invoke.ResolvedMethodName 
{0x0000000088f9a8b8} - klass: 'java/lang/invoke/ResolvedMethodName'
RDX=0x0000000000000010 is an unknown value
RSP=0x0000000fe5af8180 is pointing into the stack for thread: 0x0000016e4d5ab800
RBP=0x0000000088f9a8b8 is an oop: java.lang.invoke.ResolvedMethodName 
{0x0000000088f9a8b8} - klass: 'java/lang/invoke/ResolvedMethodName'
RSI=0x0 is NULL
RDI=0x0000016e4d5a8cc0 points into unknown readable memory: 01 00 00 00 00 00 00 00
R8 =0x0 is NULL
R9 ={method} {0x0000016e7c55a7b8} 'lambda$boolSearchIndex$0' '(Ljava/lang/String;)Lcom/silence/elasticsearch/infrastructure/repository/DO/Scheme;' in 'com/silence/elasticsearch/EsTest'
R10=0x0000000000000011 is an unknown value
R11=0x0000000000000011 is an unknown value
R12=0x0000000000000203 is an unknown value
R13=0x00000001000d0a60 is a pointer to class: 
com.silence.elasticsearch.EsTest {0x00000001000d0a68}
R14=0x00000001000d0a60 is a pointer to class: 
com.silence.elasticsearch.EsTest {0x00000001000d0a68}
R15=0x0000016e4d5ab800 is a thread


Registers:
RAX=0x0000000000000010, RBX=0x0000016e6cee0040, RCX=0x0000000088f9a8b8, RDX=0x0000000000000010
RSP=0x0000000fe5af8180, RBP=0x0000000088f9a8b8, RSI=0x0000000000000000, RDI=0x0000016e4d5a8cc0
R8 =0x0000000000000000, R9 =0x0000016e7c55a7b0, R10=0x0000000000000011, R11=0x0000000000000011
R12=0x0000000000000203, R13=0x00000001000d0a60, R14=0x00000001000d0a60, R15=0x0000016e4d5ab800
RIP=0x00007ff95bcd38ab, EFLAGS=0x0000000000010202

Top of Stack: (sp=0x0000000fe5af8180)
0x0000000fe5af8180:   0000f51f9217cf74 00000001000d0a60
0x0000000fe5af8190:   0000016e4d5ab800 0000016e6cd6dea0
0x0000000fe5af81a0:   0000016e4d5ab800 00007ff95b9d5a73
0x0000000fe5af81b0:   0000000088f9a8b8 0000016e6cd6dea0
0x0000000fe5af81c0:   0000000fe5af8200 0000016e558c0000
0x0000000fe5af81d0:   000000000000000a 00007ff95bb71c59
0x0000000fe5af81e0:   0000016e6cee0040 0000000000000000
0x0000000fe5af81f0:   0000000fe5af8260 0000016e6cd6dea0
0x0000000fe5af8200:   0000016e6cd6dea0 0000016e4d5ab800
0x0000000fe5af8210:   0000000fe5af8338 0000016e4d5ab800
0x0000000fe5af8220:   0000000fe5af9450 0000000000000203
0x0000000fe5af8230:   0000016e6cee0030 00007ff95b9d9416
0x0000000fe5af8240:   0000016e6cee0038 0000000088f9a888
0x0000000fe5af8250:   0000016e4d5ab800 0000016e4d5ab800
0x0000000fe5af8260:   00000001000d0a60 00000001000d0a60
0x0000000fe5af8270:   0000016e6cd6dea0 0000016e4d5ab800 

Instructions: (pc=0x00007ff95bcd38ab)
0x00007ff95bcd388b:   2e 48 8b 48 18 e8 bb 6e ce ff 48 8b f0 48 85 db
0x00007ff95bcd389b:   74 03 48 8b 2b 48 8b d0 48 8b cd e8 05 62 d0 ff
0x00007ff95bcd38ab:   48 8b 46 08 4c 8b c3 48 8b d6 48 8b 48 08 48 8b
0x00007ff95bcd38bb:   41 18 b9 00 80 00 00 66 09 88 3a 01 00 00 48 8b 


Stack slot to memory mapping:
stack at sp + 0 slots: 0x0000f51f9217cf74 is an unknown value
stack at sp + 1 slots: 0x00000001000d0a60 is a pointer to class: 
com.silence.elasticsearch.EsTest {0x00000001000d0a68}
stack at sp + 2 slots: 0x0000016e4d5ab800 is a thread
stack at sp + 3 slots: {method} {0x0000016e6cd6dea8} 'multiSearchIndex' '()V' in 'com/silence/elasticsearch/EsTest'
stack at sp + 4 slots: 0x0000016e4d5ab800 is a thread
stack at sp + 5 slots: 0x00007ff95b9d5a73 jvm.dll
stack at sp + 6 slots: 0x0000000088f9a8b8 is an oop: java.lang.invoke.ResolvedMethodName 
{0x0000000088f9a8b8} - klass: 'java/lang/invoke/ResolvedMethodName'
stack at sp + 7 slots: {method} {0x0000016e6cd6dea8} 'multiSearchIndex' '()V' in 'com/silence/elasticsearch/EsTest'


---------------  P R O C E S S  ---------------

Threads class SMR info:
_java_thread_list=0x0000016e75c03fc0, length=46, elements={
0x0000016e4d5ab800, 0x0000016e6c58e800, 0x0000016e6c59b000, 0x0000016e6ce05000,
0x0000016e6ce06000, 0x0000016e6ce08800, 0x0000016e6ce14800, 0x0000016e6ce19000,
0x0000016e6c525000, 0x0000016e6d163000, 0x0000016e6d136000, 0x0000016e6d137000,
0x0000016e6d90a800, 0x0000016e73070800, 0x0000016e74805800, 0x0000016e746ca800,
0x0000016e6e9b2000, 0x0000016e76f54800, 0x0000016e7773d800, 0x0000016e7773d000,
0x0000016e734a0000, 0x0000016e7349a000, 0x0000016e734a0800, 0x0000016e7349c000,
0x0000016e7349b000, 0x0000016e734a2800, 0x0000016e7349d800, 0x0000016e7349c800,
0x0000016e734a4000, 0x0000016e7349e800, 0x0000016e734a3000, 0x0000016e734a1800,
0x0000016e734a5000, 0x0000016e7349f000, 0x0000016e734a8000, 0x0000016e734a9000,
0x0000016e734a5800, 0x0000016e734a6800, 0x0000016e734a7800, 0x0000016e76055000,
0x0000016e76055800, 0x0000016e76057000, 0x0000016e76058000, 0x0000016e76059000,
0x0000016e76056800, 0x0000016e76054000
}
_to_delete_list=0x0000016e771442a0, length=45, elements={
0x0000016e4d5ab800, 0x0000016e6c58e800, 0x0000016e6c59b000, 0x0000016e6ce05000,
0x0000016e6ce06000, 0x0000016e6ce08800, 0x0000016e6ce14800, 0x0000016e6ce19000,
0x0000016e6c525000, 0x0000016e6d163000, 0x0000016e6d136000, 0x0000016e6d137000,
0x0000016e6d90a800, 0x0000016e73070800, 0x0000016e74805800, 0x0000016e746ca800,
0x0000016e6e9b2000, 0x0000016e76f54800, 0x0000016e7773d800, 0x0000016e7773d000,
0x0000016e734a0000, 0x0000016e7349a000, 0x0000016e734a0800, 0x0000016e7349c000,
0x0000016e7349b000, 0x0000016e734a2800, 0x0000016e7349d800, 0x0000016e7349c800,
0x0000016e734a4000, 0x0000016e7349e800, 0x0000016e734a3000, 0x0000016e734a1800,
0x0000016e734a5000, 0x0000016e7349f000, 0x0000016e734a8000, 0x0000016e734a9000,
0x0000016e734a5800, 0x0000016e734a6800, 0x0000016e734a7800, 0x0000016e76055000,
0x0000016e76055800, 0x0000016e76057000, 0x0000016e76058000, 0x0000016e76059000,
0x0000016e76056800
}

Java Threads: ( => current thread )
=>0x0000016e4d5ab800 JavaThread "main" [_thread_in_vm, id=20292, stack(0x0000000fe5a00000,0x0000000fe5b00000)]
  0x0000016e6c58e800 JavaThread "Reference Handler" daemon [_thread_blocked, id=8808, stack(0x0000000fe6100000,0x0000000fe6200000)]
  0x0000016e6c59b000 JavaThread "Finalizer" daemon [_thread_blocked, id=19792, stack(0x0000000fe6200000,0x0000000fe6300000)]
  0x0000016e6ce05000 JavaThread "Signal Dispatcher" daemon [_thread_blocked, id=5588, stack(0x0000000fe6300000,0x0000000fe6400000)]
  0x0000016e6ce06000 JavaThread "Attach Listener" daemon [_thread_blocked, id=9012, stack(0x0000000fe6400000,0x0000000fe6500000)]
  0x0000016e6ce08800 JavaThread "C2 CompilerThread0" daemon [_thread_blocked, id=20312, stack(0x0000000fe6500000,0x0000000fe6600000)]
  0x0000016e6ce14800 JavaThread "C1 CompilerThread0" daemon [_thread_blocked, id=11636, stack(0x0000000fe6600000,0x0000000fe6700000)]
  0x0000016e6ce19000 JavaThread "Sweeper thread" daemon [_thread_blocked, id=19120, stack(0x0000000fe6700000,0x0000000fe6800000)]
  0x0000016e6c525000 JavaThread "Common-Cleaner" daemon [_thread_blocked, id=5412, stack(0x0000000fe6800000,0x0000000fe6900000)]
  0x0000016e6d163000 JavaThread "JDWP Transport Listener: dt_socket" daemon [_thread_blocked, id=26980, stack(0x0000000fe6900000,0x0000000fe6a00000)]
  0x0000016e6d136000 JavaThread "JDWP Event Helper Thread" daemon [_thread_blocked, id=14412, stack(0x0000000fe6a00000,0x0000000fe6b00000)]
  0x0000016e6d137000 JavaThread "JDWP Command Reader" daemon [_thread_in_native, id=5248, stack(0x0000000fe6b00000,0x0000000fe6c00000)]
  0x0000016e6d90a800 JavaThread "Service Thread" daemon [_thread_blocked, id=26200, stack(0x0000000fe6d00000,0x0000000fe6e00000)]
  0x0000016e73070800 JavaThread "com.alibaba.nacos.client.identify.watcher.0" daemon [_thread_blocked, id=13548, stack(0x0000000fe7500000,0x0000000fe7600000)]
  0x0000016e74805800 JavaThread "com.alibaba.nacos.client.config.security.updater" daemon [_thread_blocked, id=536, stack(0x0000000fe7600000,0x0000000fe7700000)]
  0x0000016e746ca800 JavaThread "com.alibaba.nacos.client.Worker.fixed-106.13.192.32_8848-silence" daemon [_thread_blocked, id=17776, stack(0x0000000fe7700000,0x0000000fe7800000)]
  0x0000016e6e9b2000 JavaThread "Log4j2-TF-9-Scheduled-3" daemon [_thread_blocked, id=13932, stack(0x0000000fe7a00000,0x0000000fe7b00000)]
  0x0000016e76f54800 JavaThread "mysql-cj-abandoned-connection-cleanup" daemon [_thread_blocked, id=18764, stack(0x0000000fe7800000,0x0000000fe7900000)]
  0x0000016e7773d800 JavaThread "HikariPool-1 housekeeper" daemon [_thread_blocked, id=14832, stack(0x0000000fe7b00000,0x0000000fe7c00000)]
  0x0000016e7773d000 JavaThread "spring.cloud.inetutils" daemon [_thread_blocked, id=23856, stack(0x0000000fe7d00000,0x0000000fe7e00000)]
  0x0000016e734a0000 JavaThread "pool-2-thread-1" [_thread_in_native, id=1988, stack(0x0000000fe7f00000,0x0000000fe8000000)]
  0x0000016e7349a000 JavaThread "I/O dispatcher 1" [_thread_in_native, id=14852, stack(0x0000000fe8000000,0x0000000fe8100000)]
  0x0000016e734a0800 JavaThread "I/O dispatcher 2" [_thread_in_native, id=18964, stack(0x0000000fe8100000,0x0000000fe8200000)]
  0x0000016e7349c000 JavaThread "I/O dispatcher 3" [_thread_in_native, id=25720, stack(0x0000000fe8200000,0x0000000fe8300000)]
  0x0000016e7349b000 JavaThread "I/O dispatcher 4" [_thread_in_native, id=1612, stack(0x0000000fe8300000,0x0000000fe8400000)]
  0x0000016e734a2800 JavaThread "I/O dispatcher 5" [_thread_in_native, id=22968, stack(0x0000000fe8400000,0x0000000fe8500000)]
  0x0000016e7349d800 JavaThread "I/O dispatcher 6" [_thread_in_native, id=8436, stack(0x0000000fe8500000,0x0000000fe8600000)]
  0x0000016e7349c800 JavaThread "I/O dispatcher 7" [_thread_in_native, id=18452, stack(0x0000000fe8600000,0x0000000fe8700000)]
  0x0000016e734a4000 JavaThread "I/O dispatcher 8" [_thread_in_native, id=7196, stack(0x0000000fe8700000,0x0000000fe8800000)]
  0x0000016e7349e800 JavaThread "I/O dispatcher 9" [_thread_in_native, id=21724, stack(0x0000000fe8800000,0x0000000fe8900000)]
  0x0000016e734a3000 JavaThread "I/O dispatcher 10" [_thread_in_native, id=25660, stack(0x0000000fe8900000,0x0000000fe8a00000)]
  0x0000016e734a1800 JavaThread "I/O dispatcher 11" [_thread_in_native, id=22060, stack(0x0000000fe8a00000,0x0000000fe8b00000)]
  0x0000016e734a5000 JavaThread "I/O dispatcher 12" [_thread_in_native, id=23532, stack(0x0000000fe8b00000,0x0000000fe8c00000)]
  0x0000016e7349f000 JavaThread "com.alibaba.nacos.client.naming.updater" daemon [_thread_blocked, id=6780, stack(0x0000000fe9200000,0x0000000fe9300000)]
  0x0000016e734a8000 JavaThread "com.alibaba.nacos.client.naming.updater" daemon [_thread_blocked, id=1156, stack(0x0000000fe9300000,0x0000000fe9400000)]
  0x0000016e734a9000 JavaThread "com.alibaba.nacos.naming.failover" daemon [_thread_blocked, id=17916, stack(0x0000000fe9400000,0x0000000fe9500000)]
  0x0000016e734a5800 JavaThread "com.alibaba.nacos.naming.push.receiver" daemon [_thread_in_native, id=24124, stack(0x0000000fe9500000,0x0000000fe9600000)]
  0x0000016e734a6800 JavaThread "nacos.publisher-com.alibaba.nacos.common.notify.SlowEvent" daemon [_thread_blocked, id=10388, stack(0x0000000fe9600000,0x0000000fe9700000)]
  0x0000016e734a7800 JavaThread "nacos.publisher-com.alibaba.nacos.client.naming.event.InstancesChangeEvent" daemon [_thread_blocked, id=9376, stack(0x0000000fe9700000,0x0000000fe9800000)]
  0x0000016e76055000 JavaThread "com.alibaba.nacos.client.naming.updater" daemon [_thread_blocked, id=18716, stack(0x0000000fe9800000,0x0000000fe9900000)]
  0x0000016e76055800 JavaThread "Nacos-Watch-Task-Scheduler-1" [_thread_blocked, id=23904, stack(0x0000000fe9900000,0x0000000fe9a00000)]
  0x0000016e76057000 JavaThread "com.alibaba.nacos.client.Worker.longPolling.fixed-106.13.192.32_8848-silence" daemon [_thread_blocked, id=17472, stack(0x0000000fe9a00000,0x0000000fe9b00000)]
  0x0000016e76058000 JavaThread "com.alibaba.nacos.client.Worker.longPolling.fixed-106.13.192.32_8848-silence" daemon [_thread_in_native, id=17904, stack(0x0000000fe9b00000,0x0000000fe9c00000)]
  0x0000016e76059000 JavaThread "Keep-Alive-Timer" daemon [_thread_blocked, id=17972, stack(0x0000000fe5700000,0x0000000fe5800000)]
  0x0000016e76056800 JavaThread "com.alibaba.nacos.client.Worker.longPolling.fixed-106.13.192.32_8848-silence" daemon [_thread_blocked, id=17900, stack(0x0000000fe5800000,0x0000000fe5900000)]
  0x0000016e76054000 JavaThread "com.alibaba.nacos.client.naming.updater" daemon [_thread_blocked, id=13028, stack(0x0000000fe5900000,0x0000000fe5a00000)]

Other Threads:
  0x0000016e6c568000 VMThread "VM Thread" [stack: 0x0000000fe6000000,0x0000000fe6100000] [id=16496]
  0x0000016e6d482000 WatcherThread [stack: 0x0000000fe6e00000,0x0000000fe6f00000] [id=24644]
  0x0000016e4d5c5800 GCTaskThread "GC Thread#0" [stack: 0x0000000fe5b00000,0x0000000fe5c00000] [id=1072]
  0x0000016e6dbc3800 GCTaskThread "GC Thread#1" [stack: 0x0000000fe6f00000,0x0000000fe7000000] [id=24516]
  0x0000016e6e1e3800 GCTaskThread "GC Thread#2" [stack: 0x0000000fe7000000,0x0000000fe7100000] [id=736]
  0x0000016e6f671800 GCTaskThread "GC Thread#3" [stack: 0x0000000fe7e00000,0x0000000fe7f00000] [id=4564]
  0x0000016e79575000 GCTaskThread "GC Thread#4" [stack: 0x0000000fe8c00000,0x0000000fe8d00000] [id=23024]
  0x0000016e71bb8800 GCTaskThread "GC Thread#5" [stack: 0x0000000fe8d00000,0x0000000fe8e00000] [id=19808]
  0x0000016e7914d000 GCTaskThread "GC Thread#6" [stack: 0x0000000fe8e00000,0x0000000fe8f00000] [id=23432]
  0x0000016e7780c000 GCTaskThread "GC Thread#7" [stack: 0x0000000fe8f00000,0x0000000fe9000000] [id=2644]
  0x0000016e76dbd800 GCTaskThread "GC Thread#8" [stack: 0x0000000fe9000000,0x0000000fe9100000] [id=6688]
  0x0000016e77981800 GCTaskThread "GC Thread#9" [stack: 0x0000000fe9100000,0x0000000fe9200000] [id=17320]
  0x0000016e4d5f5800 ConcurrentGCThread "G1 Main Marker" [stack: 0x0000000fe5c00000,0x0000000fe5d00000] [id=10584]
  0x0000016e4d5f7000 ConcurrentGCThread "G1 Conc#0" [stack: 0x0000000fe5d00000,0x0000000fe5e00000] [id=19732]
  0x0000016e6e888000 ConcurrentGCThread "G1 Conc#1" [stack: 0x0000000fe7100000,0x0000000fe7200000] [id=10572]
  0x0000016e6e889000 ConcurrentGCThread "G1 Conc#2" [stack: 0x0000000fe7200000,0x0000000fe7300000] [id=15028]
  0x0000016e6c3d3800 ConcurrentGCThread "G1 Refine#0" [stack: 0x0000000fe5e00000,0x0000000fe5f00000] [id=23000]
  0x0000016e7b891000 ConcurrentGCThread "G1 Refine#1" [stack: 0x0000000fe9c00000,0x0000000fe9d00000] [id=12580]
  0x0000016e6c3d4800 ConcurrentGCThread "G1 Young RemSet Sampling" [stack: 0x0000000fe5f00000,0x0000000fe6000000] [id=5744]

Threads with active compile tasks:

VM state:not at safepoint (normal execution)

VM Mutex/Monitor currently owned by a thread:  ([mutex/lock_event])
[0x0000016e4d5a8cc0] ResolvedMethodTable_lock - owner thread: 0x0000016e4d5ab800

Heap address: 0x0000000082000000, size: 2016 MB, Compressed Oops mode: 32-bit
Narrow klass base: 0x0000000000000000, Narrow klass shift: 3
Compressed class space size: 1073741824 Address: 0x0000000100000000

Heap:
 garbage-first heap   total 187392K, used 113032K [0x0000000082000000, 0x0000000100000000)
  region size 1024K, 80 young (81920K), 8 survivors (8192K)
 Metaspace       used 80434K, capacity 82855K, committed 83068K, reserved 1122304K
  class space    used 10009K, capacity 10973K, committed 11008K, reserved 1048576K
Heap Regions: E=young(eden), S=young(survivor), O=old, HS=humongous(starts), HC=humongous(continues), CS=collection set, F=free, A=archive, TAMS=top-at-mark-start (previous, next)
|   0|0x0000000082000000, 0x0000000082100000, 0x0000000082100000|100%|HS|  |TAMS 0x0000000082100000, 0x0000000082000000| Complete 
|   1|0x0000000082100000, 0x0000000082200000, 0x0000000082200000|100%| O|  |TAMS 0x0000000082200000, 0x0000000082100000| Untracked 
|   2|0x0000000082200000, 0x0000000082300000, 0x0000000082300000|100%| O|  |TAMS 0x0000000082300000, 0x0000000082200000| Untracked 
|   3|0x0000000082300000, 0x0000000082400000, 0x0000000082400000|100%| O|  |TAMS 0x0000000082400000, 0x0000000082300000| Untracked 
|   4|0x0000000082400000, 0x0000000082500000, 0x0000000082500000|100%| O|  |TAMS 0x0000000082500000, 0x0000000082400000| Untracked 
|   5|0x0000000082500000, 0x0000000082600000, 0x0000000082600000|100%| O|  |TAMS 0x0000000082600000, 0x0000000082500000| Untracked 
|   6|0x0000000082600000, 0x0000000082700000, 0x0000000082700000|100%| O|  |TAMS 0x0000000082700000, 0x0000000082600000| Untracked 
|   7|0x0000000082700000, 0x0000000082800000, 0x0000000082800000|100%| O|  |TAMS 0x0000000082800000, 0x0000000082700000| Untracked 
|   8|0x0000000082800000, 0x0000000082900000, 0x0000000082900000|100%| O|  |TAMS 0x0000000082900000, 0x0000000082800000| Untracked 
|   9|0x0000000082900000, 0x0000000082a00000, 0x0000000082a00000|100%| O|  |TAMS 0x0000000082a00000, 0x0000000082900000| Untracked 
|  10|0x0000000082a00000, 0x0000000082b00000, 0x0000000082b00000|100%| O|  |TAMS 0x0000000082b00000, 0x0000000082a00000| Untracked 
|  11|0x0000000082b00000, 0x0000000082c00000, 0x0000000082c00000|100%| O|  |TAMS 0x0000000082c00000, 0x0000000082b00000| Untracked 
|  12|0x0000000082c00000, 0x0000000082d00000, 0x0000000082d00000|100%| O|  |TAMS 0x0000000082d00000, 0x0000000082c00000| Untracked 
|  13|0x0000000082d00000, 0x0000000082e00000, 0x0000000082e00000|100%| O|  |TAMS 0x0000000082e00000, 0x0000000082d00000| Untracked 
|  14|0x0000000082e00000, 0x0000000082f00000, 0x0000000082f00000|100%| O|  |TAMS 0x0000000082f00000, 0x0000000082e00000| Untracked 
|  15|0x0000000082f00000, 0x0000000083000000, 0x0000000083000000|100%| O|  |TAMS 0x0000000083000000, 0x0000000082f00000| Untracked 
|  16|0x0000000083000000, 0x0000000083100000, 0x0000000083100000|100%| O|  |TAMS 0x0000000083100000, 0x0000000083000000| Untracked 
|  17|0x0000000083100000, 0x0000000083200000, 0x0000000083200000|100%| O|  |TAMS 0x0000000083160800, 0x0000000083100000| Untracked 
|  18|0x0000000083200000, 0x0000000083300000, 0x0000000083300000|100%| O|  |TAMS 0x0000000083200000, 0x0000000083200000| Untracked 
|  19|0x0000000083300000, 0x0000000083400000, 0x0000000083400000|100%| O|  |TAMS 0x0000000083300000, 0x0000000083300000| Untracked 
|  20|0x0000000083400000, 0x0000000083500000, 0x0000000083500000|100%| O|  |TAMS 0x0000000083400000, 0x0000000083400000| Untracked 
|  21|0x0000000083500000, 0x0000000083600000, 0x0000000083600000|100%| O|  |TAMS 0x0000000083500000, 0x0000000083500000| Untracked 
|  22|0x0000000083600000, 0x0000000083700000, 0x0000000083700000|100%| O|  |TAMS 0x0000000083600000, 0x0000000083600000| Untracked 
|  23|0x0000000083700000, 0x0000000083800000, 0x0000000083800000|100%| O|  |TAMS 0x0000000083700000, 0x0000000083700000| Untracked 
|  24|0x0000000083800000, 0x0000000083900000, 0x0000000083900000|100%| O|  |TAMS 0x0000000083800000, 0x0000000083800000| Untracked 
|  25|0x0000000083900000, 0x0000000083a00000, 0x0000000083a00000|100%| O|  |TAMS 0x0000000083900000, 0x0000000083900000| Untracked 
|  26|0x0000000083a00000, 0x0000000083b00000, 0x0000000083b00000|100%| O|  |TAMS 0x0000000083a00000, 0x0000000083a00000| Untracked 
|  27|0x0000000083b00000, 0x0000000083c00000, 0x0000000083c00000|100%| O|  |TAMS 0x0000000083b00000, 0x0000000083b00000| Untracked 
|  28|0x0000000083c00000, 0x0000000083d00000, 0x0000000083d00000|100%| O|  |TAMS 0x0000000083c00000, 0x0000000083c00000| Untracked 
|  29|0x0000000083d00000, 0x0000000083e00000, 0x0000000083e00000|100%| O|  |TAMS 0x0000000083d00000, 0x0000000083d00000| Untracked 
|  30|0x0000000083e00000, 0x0000000083f00000, 0x0000000083f00000|100%| O|  |TAMS 0x0000000083e00000, 0x0000000083e00000| Untracked 
|  31|0x0000000083f00000, 0x0000000084000000, 0x0000000084000000|100%| O|  |TAMS 0x0000000083f00000, 0x0000000083f00000| Untracked 
|  32|0x0000000084000000, 0x0000000084000000, 0x0000000084100000|  0%| F|  |TAMS 0x0000000084000000, 0x0000000084000000| Untracked 
|  33|0x0000000084100000, 0x0000000084100000, 0x0000000084200000|  0%| F|  |TAMS 0x0000000084100000, 0x0000000084100000| Untracked 
|  34|0x0000000084200000, 0x0000000084200000, 0x0000000084300000|  0%| F|  |TAMS 0x0000000084200000, 0x0000000084200000| Untracked 
|  35|0x0000000084300000, 0x0000000084300000, 0x0000000084400000|  0%| F|  |TAMS 0x0000000084300000, 0x0000000084300000| Untracked 
|  36|0x0000000084400000, 0x0000000084400000, 0x0000000084500000|  0%| F|  |TAMS 0x0000000084400000, 0x0000000084400000| Untracked 
|  37|0x0000000084500000, 0x0000000084500000, 0x0000000084600000|  0%| F|  |TAMS 0x0000000084500000, 0x0000000084500000| Untracked 
|  38|0x0000000084600000, 0x0000000084600000, 0x0000000084700000|  0%| F|  |TAMS 0x0000000084600000, 0x0000000084600000| Untracked 
|  39|0x0000000084700000, 0x0000000084700000, 0x0000000084800000|  0%| F|  |TAMS 0x0000000084700000, 0x0000000084700000| Untracked 
|  40|0x0000000084800000, 0x0000000084800000, 0x0000000084900000|  0%| F|  |TAMS 0x0000000084800000, 0x0000000084800000| Untracked 
|  41|0x0000000084900000, 0x0000000084900000, 0x0000000084a00000|  0%| F|  |TAMS 0x0000000084900000, 0x0000000084900000| Untracked 
|  42|0x0000000084a00000, 0x0000000084a00000, 0x0000000084b00000|  0%| F|  |TAMS 0x0000000084a00000, 0x0000000084a00000| Untracked 
|  43|0x0000000084b00000, 0x0000000084b00000, 0x0000000084c00000|  0%| F|  |TAMS 0x0000000084b00000, 0x0000000084b00000| Untracked 
|  44|0x0000000084c00000, 0x0000000084c00000, 0x0000000084d00000|  0%| F|  |TAMS 0x0000000084c00000, 0x0000000084c00000| Untracked 
|  45|0x0000000084d00000, 0x0000000084d00000, 0x0000000084e00000|  0%| F|  |TAMS 0x0000000084d00000, 0x0000000084d00000| Untracked 
|  46|0x0000000084e00000, 0x0000000084e00000, 0x0000000084f00000|  0%| F|  |TAMS 0x0000000084e00000, 0x0000000084e00000| Untracked 
|  47|0x0000000084f00000, 0x0000000084f00000, 0x0000000085000000|  0%| F|  |TAMS 0x0000000084f00000, 0x0000000084f00000| Untracked 
|  48|0x0000000085000000, 0x0000000085000000, 0x0000000085100000|  0%| F|  |TAMS 0x0000000085000000, 0x0000000085000000| Untracked 
|  49|0x0000000085100000, 0x0000000085100000, 0x0000000085200000|  0%| F|  |TAMS 0x0000000085100000, 0x0000000085100000| Untracked 
|  50|0x0000000085200000, 0x0000000085200000, 0x0000000085300000|  0%| F|  |TAMS 0x0000000085200000, 0x0000000085200000| Untracked 
|  51|0x0000000085300000, 0x0000000085300000, 0x0000000085400000|  0%| F|  |TAMS 0x0000000085300000, 0x0000000085300000| Untracked 
|  52|0x0000000085400000, 0x0000000085400000, 0x0000000085500000|  0%| F|  |TAMS 0x0000000085400000, 0x0000000085400000| Untracked 
|  53|0x0000000085500000, 0x0000000085500000, 0x0000000085600000|  0%| F|  |TAMS 0x0000000085500000, 0x0000000085500000| Untracked 
|  54|0x0000000085600000, 0x0000000085600000, 0x0000000085700000|  0%| F|  |TAMS 0x0000000085600000, 0x0000000085600000| Untracked 
|  55|0x0000000085700000, 0x0000000085700000, 0x0000000085800000|  0%| F|  |TAMS 0x0000000085700000, 0x0000000085700000| Untracked 
|  56|0x0000000085800000, 0x0000000085800000, 0x0000000085900000|  0%| F|  |TAMS 0x0000000085800000, 0x0000000085800000| Untracked 
|  57|0x0000000085900000, 0x0000000085900000, 0x0000000085a00000|  0%| F|  |TAMS 0x0000000085900000, 0x0000000085900000| Untracked 
|  58|0x0000000085a00000, 0x0000000085a00000, 0x0000000085b00000|  0%| F|  |TAMS 0x0000000085a00000, 0x0000000085a00000| Untracked 
|  59|0x0000000085b00000, 0x0000000085b00000, 0x0000000085c00000|  0%| F|  |TAMS 0x0000000085b00000, 0x0000000085b00000| Untracked 
|  60|0x0000000085c00000, 0x0000000085c00000, 0x0000000085d00000|  0%| F|  |TAMS 0x0000000085c00000, 0x0000000085c00000| Untracked 
|  61|0x0000000085d00000, 0x0000000085d00000, 0x0000000085e00000|  0%| F|  |TAMS 0x0000000085d00000, 0x0000000085d00000| Untracked 
|  62|0x0000000085e00000, 0x0000000085e00000, 0x0000000085f00000|  0%| F|  |TAMS 0x0000000085e00000, 0x0000000085e00000| Untracked 
|  63|0x0000000085f00000, 0x0000000085f00000, 0x0000000086000000|  0%| F|  |TAMS 0x0000000085f00000, 0x0000000085f00000| Untracked 
|  64|0x0000000086000000, 0x0000000086000000, 0x0000000086100000|  0%| F|  |TAMS 0x0000000086000000, 0x0000000086000000| Untracked 
|  65|0x0000000086100000, 0x0000000086100000, 0x0000000086200000|  0%| F|  |TAMS 0x0000000086100000, 0x0000000086100000| Untracked 
|  66|0x0000000086200000, 0x0000000086200000, 0x0000000086300000|  0%| F|  |TAMS 0x0000000086200000, 0x0000000086200000| Untracked 
|  67|0x0000000086300000, 0x0000000086300000, 0x0000000086400000|  0%| F|  |TAMS 0x0000000086300000, 0x0000000086300000| Untracked 
|  68|0x0000000086400000, 0x0000000086400000, 0x0000000086500000|  0%| F|  |TAMS 0x0000000086400000, 0x0000000086400000| Untracked 
|  69|0x0000000086500000, 0x0000000086500000, 0x0000000086600000|  0%| F|  |TAMS 0x0000000086500000, 0x0000000086500000| Untracked 
|  70|0x0000000086600000, 0x0000000086600000, 0x0000000086700000|  0%| F|  |TAMS 0x0000000086600000, 0x0000000086600000| Untracked 
|  71|0x0000000086700000, 0x0000000086700000, 0x0000000086800000|  0%| F|  |TAMS 0x0000000086700000, 0x0000000086700000| Untracked 
|  72|0x0000000086800000, 0x0000000086800000, 0x0000000086900000|  0%| F|  |TAMS 0x0000000086800000, 0x0000000086800000| Untracked 
|  73|0x0000000086900000, 0x0000000086900000, 0x0000000086a00000|  0%| F|  |TAMS 0x0000000086900000, 0x0000000086900000| Untracked 
|  74|0x0000000086a00000, 0x0000000086a00000, 0x0000000086b00000|  0%| F|  |TAMS 0x0000000086a00000, 0x0000000086a00000| Untracked 
|  75|0x0000000086b00000, 0x0000000086b00000, 0x0000000086c00000|  0%| F|  |TAMS 0x0000000086b00000, 0x0000000086b00000| Untracked 
|  76|0x0000000086c00000, 0x0000000086c00000, 0x0000000086d00000|  0%| F|  |TAMS 0x0000000086c00000, 0x0000000086c00000| Untracked 
|  77|0x0000000086d00000, 0x0000000086d00000, 0x0000000086e00000|  0%| F|  |TAMS 0x0000000086d00000, 0x0000000086d00000| Untracked 
|  78|0x0000000086e00000, 0x0000000086e00000, 0x0000000086f00000|  0%| F|  |TAMS 0x0000000086e00000, 0x0000000086e00000| Untracked 
|  79|0x0000000086f00000, 0x0000000086f00000, 0x0000000087000000|  0%| F|  |TAMS 0x0000000086f00000, 0x0000000086f00000| Untracked 
|  80|0x0000000087000000, 0x0000000087062310, 0x0000000087100000| 38%| S|CS|TAMS 0x0000000087000000, 0x0000000087000000| Complete 
|  81|0x0000000087100000, 0x0000000087200000, 0x0000000087200000|100%| S|CS|TAMS 0x0000000087100000, 0x0000000087100000| Complete 
|  82|0x0000000087200000, 0x0000000087300000, 0x0000000087300000|100%| S|CS|TAMS 0x0000000087200000, 0x0000000087200000| Complete 
|  83|0x0000000087300000, 0x0000000087400000, 0x0000000087400000|100%| S|CS|TAMS 0x0000000087300000, 0x0000000087300000| Complete 
|  84|0x0000000087400000, 0x0000000087500000, 0x0000000087500000|100%| S|CS|TAMS 0x0000000087400000, 0x0000000087400000| Complete 
|  85|0x0000000087500000, 0x0000000087600000, 0x0000000087600000|100%| S|CS|TAMS 0x0000000087500000, 0x0000000087500000| Complete 
|  86|0x0000000087600000, 0x0000000087700000, 0x0000000087700000|100%| S|CS|TAMS 0x0000000087600000, 0x0000000087600000| Complete 
|  87|0x0000000087700000, 0x0000000087800000, 0x0000000087800000|100%| S|CS|TAMS 0x0000000087700000, 0x0000000087700000| Complete 
|  88|0x0000000087800000, 0x0000000087800000, 0x0000000087900000|  0%| F|  |TAMS 0x0000000087800000, 0x0000000087800000| Untracked 
|  89|0x0000000087900000, 0x0000000087900000, 0x0000000087a00000|  0%| F|  |TAMS 0x0000000087900000, 0x0000000087900000| Untracked 
|  90|0x0000000087a00000, 0x0000000087a00000, 0x0000000087b00000|  0%| F|  |TAMS 0x0000000087a00000, 0x0000000087a00000| Untracked 
|  91|0x0000000087b00000, 0x0000000087b00000, 0x0000000087c00000|  0%| F|  |TAMS 0x0000000087b00000, 0x0000000087b00000| Untracked 
|  92|0x0000000087c00000, 0x0000000087c00000, 0x0000000087d00000|  0%| F|  |TAMS 0x0000000087c00000, 0x0000000087c00000| Untracked 
|  93|0x0000000087d00000, 0x0000000087d00000, 0x0000000087e00000|  0%| F|  |TAMS 0x0000000087d00000, 0x0000000087d00000| Untracked 
|  94|0x0000000087e00000, 0x0000000087e00000, 0x0000000087f00000|  0%| F|  |TAMS 0x0000000087e00000, 0x0000000087e00000| Untracked 
|  95|0x0000000087f00000, 0x0000000087f00000, 0x0000000088000000|  0%| F|  |TAMS 0x0000000087f00000, 0x0000000087f00000| Untracked 
|  96|0x0000000088000000, 0x0000000088000000, 0x0000000088100000|  0%| F|  |TAMS 0x0000000088000000, 0x0000000088000000| Untracked 
|  97|0x0000000088100000, 0x0000000088100000, 0x0000000088200000|  0%| F|  |TAMS 0x0000000088100000, 0x0000000088100000| Untracked 
|  98|0x0000000088200000, 0x0000000088200000, 0x0000000088300000|  0%| F|  |TAMS 0x0000000088200000, 0x0000000088200000| Untracked 
|  99|0x0000000088300000, 0x0000000088300000, 0x0000000088400000|  0%| F|  |TAMS 0x0000000088300000, 0x0000000088300000| Untracked 
| 100|0x0000000088400000, 0x0000000088400000, 0x0000000088500000|  0%| F|  |TAMS 0x0000000088400000, 0x0000000088400000| Untracked 
| 101|0x0000000088500000, 0x0000000088500000, 0x0000000088600000|  0%| F|  |TAMS 0x0000000088500000, 0x0000000088500000| Untracked 
| 102|0x0000000088600000, 0x0000000088600000, 0x0000000088700000|  0%| F|  |TAMS 0x0000000088600000, 0x0000000088600000| Untracked 
| 103|0x0000000088700000, 0x0000000088700000, 0x0000000088800000|  0%| F|  |TAMS 0x0000000088700000, 0x0000000088700000| Untracked 
| 104|0x0000000088800000, 0x0000000088800000, 0x0000000088900000|  0%| F|  |TAMS 0x0000000088800000, 0x0000000088800000| Untracked 
| 105|0x0000000088900000, 0x0000000088900000, 0x0000000088a00000|  0%| F|  |TAMS 0x0000000088900000, 0x0000000088900000| Untracked 
| 106|0x0000000088a00000, 0x0000000088a00000, 0x0000000088b00000|  0%| F|  |TAMS 0x0000000088a00000, 0x0000000088a00000| Untracked 
| 107|0x0000000088b00000, 0x0000000088b00000, 0x0000000088c00000|  0%| F|  |TAMS 0x0000000088b00000, 0x0000000088b00000| Untracked 
| 108|0x0000000088c00000, 0x0000000088c00000, 0x0000000088d00000|  0%| F|  |TAMS 0x0000000088c00000, 0x0000000088c00000| Untracked 
| 109|0x0000000088d00000, 0x0000000088d00000, 0x0000000088e00000|  0%| F|  |TAMS 0x0000000088d00000, 0x0000000088d00000| Untracked 
| 110|0x0000000088e00000, 0x0000000088e00000, 0x0000000088f00000|  0%| F|  |TAMS 0x0000000088e00000, 0x0000000088e00000| Untracked 
| 111|0x0000000088f00000, 0x0000000089000000, 0x0000000089000000|100%| E|  |TAMS 0x0000000088f00000, 0x0000000088f00000| Complete 
| 112|0x0000000089000000, 0x0000000089100000, 0x0000000089100000|100%| E|CS|TAMS 0x0000000089000000, 0x0000000089000000| Complete 
| 113|0x0000000089100000, 0x0000000089200000, 0x0000000089200000|100%| E|CS|TAMS 0x0000000089100000, 0x0000000089100000| Complete 
| 114|0x0000000089200000, 0x0000000089300000, 0x0000000089300000|100%| E|CS|TAMS 0x0000000089200000, 0x0000000089200000| Complete 
| 115|0x0000000089300000, 0x0000000089400000, 0x0000000089400000|100%| E|CS|TAMS 0x0000000089300000, 0x0000000089300000| Complete 
| 116|0x0000000089400000, 0x0000000089500000, 0x0000000089500000|100%| E|CS|TAMS 0x0000000089400000, 0x0000000089400000| Complete 
| 117|0x0000000089500000, 0x0000000089600000, 0x0000000089600000|100%| E|CS|TAMS 0x0000000089500000, 0x0000000089500000| Complete 
| 118|0x0000000089600000, 0x0000000089700000, 0x0000000089700000|100%| E|CS|TAMS 0x0000000089600000, 0x0000000089600000| Complete 
| 119|0x0000000089700000, 0x0000000089800000, 0x0000000089800000|100%| E|CS|TAMS 0x0000000089700000, 0x0000000089700000| Complete 
| 120|0x0000000089800000, 0x0000000089900000, 0x0000000089900000|100%| E|CS|TAMS 0x0000000089800000, 0x0000000089800000| Complete 
| 121|0x0000000089900000, 0x0000000089a00000, 0x0000000089a00000|100%| E|CS|TAMS 0x0000000089900000, 0x0000000089900000| Complete 
| 122|0x0000000089a00000, 0x0000000089b00000, 0x0000000089b00000|100%| E|CS|TAMS 0x0000000089a00000, 0x0000000089a00000| Complete 
| 123|0x0000000089b00000, 0x0000000089c00000, 0x0000000089c00000|100%| E|CS|TAMS 0x0000000089b00000, 0x0000000089b00000| Complete 
| 124|0x0000000089c00000, 0x0000000089d00000, 0x0000000089d00000|100%| E|CS|TAMS 0x0000000089c00000, 0x0000000089c00000| Complete 
| 125|0x0000000089d00000, 0x0000000089e00000, 0x0000000089e00000|100%| E|CS|TAMS 0x0000000089d00000, 0x0000000089d00000| Complete 
| 126|0x0000000089e00000, 0x0000000089f00000, 0x0000000089f00000|100%| E|CS|TAMS 0x0000000089e00000, 0x0000000089e00000| Complete 
| 127|0x0000000089f00000, 0x000000008a000000, 0x000000008a000000|100%| E|CS|TAMS 0x0000000089f00000, 0x0000000089f00000| Complete 
| 128|0x000000008a000000, 0x000000008a100000, 0x000000008a100000|100%| E|CS|TAMS 0x000000008a000000, 0x000000008a000000| Complete 
| 129|0x000000008a100000, 0x000000008a200000, 0x000000008a200000|100%| E|CS|TAMS 0x000000008a100000, 0x000000008a100000| Complete 
| 130|0x000000008a200000, 0x000000008a300000, 0x000000008a300000|100%| E|CS|TAMS 0x000000008a200000, 0x000000008a200000| Complete 
| 131|0x000000008a300000, 0x000000008a400000, 0x000000008a400000|100%| E|CS|TAMS 0x000000008a300000, 0x000000008a300000| Complete 
| 132|0x000000008a400000, 0x000000008a500000, 0x000000008a500000|100%| E|CS|TAMS 0x000000008a400000, 0x000000008a400000| Complete 
| 133|0x000000008a500000, 0x000000008a600000, 0x000000008a600000|100%| E|CS|TAMS 0x000000008a500000, 0x000000008a500000| Complete 
| 134|0x000000008a600000, 0x000000008a700000, 0x000000008a700000|100%| E|CS|TAMS 0x000000008a600000, 0x000000008a600000| Complete 
| 135|0x000000008a700000, 0x000000008a800000, 0x000000008a800000|100%| E|CS|TAMS 0x000000008a700000, 0x000000008a700000| Complete 
| 136|0x000000008a800000, 0x000000008a900000, 0x000000008a900000|100%| E|CS|TAMS 0x000000008a800000, 0x000000008a800000| Complete 
| 137|0x000000008a900000, 0x000000008aa00000, 0x000000008aa00000|100%| E|CS|TAMS 0x000000008a900000, 0x000000008a900000| Complete 
| 138|0x000000008aa00000, 0x000000008ab00000, 0x000000008ab00000|100%| E|CS|TAMS 0x000000008aa00000, 0x000000008aa00000| Complete 
| 139|0x000000008ab00000, 0x000000008ac00000, 0x000000008ac00000|100%| E|CS|TAMS 0x000000008ab00000, 0x000000008ab00000| Complete 
| 140|0x000000008ac00000, 0x000000008ad00000, 0x000000008ad00000|100%| E|CS|TAMS 0x000000008ac00000, 0x000000008ac00000| Complete 
| 141|0x000000008ad00000, 0x000000008ae00000, 0x000000008ae00000|100%| E|CS|TAMS 0x000000008ad00000, 0x000000008ad00000| Complete 
| 142|0x000000008ae00000, 0x000000008af00000, 0x000000008af00000|100%| E|CS|TAMS 0x000000008ae00000, 0x000000008ae00000| Complete 
| 143|0x000000008af00000, 0x000000008b000000, 0x000000008b000000|100%| E|CS|TAMS 0x000000008af00000, 0x000000008af00000| Complete 
| 144|0x000000008b000000, 0x000000008b100000, 0x000000008b100000|100%| E|CS|TAMS 0x000000008b000000, 0x000000008b000000| Complete 
| 145|0x000000008b100000, 0x000000008b200000, 0x000000008b200000|100%| E|CS|TAMS 0x000000008b100000, 0x000000008b100000| Complete 
| 146|0x000000008b200000, 0x000000008b300000, 0x000000008b300000|100%| E|CS|TAMS 0x000000008b200000, 0x000000008b200000| Complete 
| 147|0x000000008b300000, 0x000000008b400000, 0x000000008b400000|100%| E|CS|TAMS 0x000000008b300000, 0x000000008b300000| Complete 
| 148|0x000000008b400000, 0x000000008b500000, 0x000000008b500000|100%| E|CS|TAMS 0x000000008b400000, 0x000000008b400000| Complete 
| 149|0x000000008b500000, 0x000000008b600000, 0x000000008b600000|100%| E|CS|TAMS 0x000000008b500000, 0x000000008b500000| Complete 
| 150|0x000000008b600000, 0x000000008b700000, 0x000000008b700000|100%| E|CS|TAMS 0x000000008b600000, 0x000000008b600000| Complete 
| 151|0x000000008b700000, 0x000000008b800000, 0x000000008b800000|100%| E|CS|TAMS 0x000000008b700000, 0x000000008b700000| Complete 
| 152|0x000000008b800000, 0x000000008b900000, 0x000000008b900000|100%| E|CS|TAMS 0x000000008b800000, 0x000000008b800000| Complete 
| 153|0x000000008b900000, 0x000000008ba00000, 0x000000008ba00000|100%| E|CS|TAMS 0x000000008b900000, 0x000000008b900000| Complete 
| 154|0x000000008ba00000, 0x000000008bb00000, 0x000000008bb00000|100%| E|CS|TAMS 0x000000008ba00000, 0x000000008ba00000| Complete 
| 155|0x000000008bb00000, 0x000000008bc00000, 0x000000008bc00000|100%| E|CS|TAMS 0x000000008bb00000, 0x000000008bb00000| Complete 
| 156|0x000000008bc00000, 0x000000008bd00000, 0x000000008bd00000|100%| E|CS|TAMS 0x000000008bc00000, 0x000000008bc00000| Complete 
| 157|0x000000008bd00000, 0x000000008be00000, 0x000000008be00000|100%| E|CS|TAMS 0x000000008bd00000, 0x000000008bd00000| Complete 
| 158|0x000000008be00000, 0x000000008bf00000, 0x000000008bf00000|100%| E|CS|TAMS 0x000000008be00000, 0x000000008be00000| Complete 
| 159|0x000000008bf00000, 0x000000008c000000, 0x000000008c000000|100%| E|CS|TAMS 0x000000008bf00000, 0x000000008bf00000| Complete 
| 160|0x000000008c000000, 0x000000008c100000, 0x000000008c100000|100%| E|CS|TAMS 0x000000008c000000, 0x000000008c000000| Complete 
| 161|0x000000008c100000, 0x000000008c200000, 0x000000008c200000|100%| E|CS|TAMS 0x000000008c100000, 0x000000008c100000| Complete 
| 162|0x000000008c200000, 0x000000008c300000, 0x000000008c300000|100%| E|CS|TAMS 0x000000008c200000, 0x000000008c200000| Complete 
| 163|0x000000008c300000, 0x000000008c400000, 0x000000008c400000|100%| E|CS|TAMS 0x000000008c300000, 0x000000008c300000| Complete 
| 164|0x000000008c400000, 0x000000008c500000, 0x000000008c500000|100%| E|CS|TAMS 0x000000008c400000, 0x000000008c400000| Complete 
| 165|0x000000008c500000, 0x000000008c600000, 0x000000008c600000|100%| E|CS|TAMS 0x000000008c500000, 0x000000008c500000| Complete 
| 166|0x000000008c600000, 0x000000008c700000, 0x000000008c700000|100%| E|CS|TAMS 0x000000008c600000, 0x000000008c600000| Complete 
| 167|0x000000008c700000, 0x000000008c800000, 0x000000008c800000|100%| E|CS|TAMS 0x000000008c700000, 0x000000008c700000| Complete 
| 168|0x000000008c800000, 0x000000008c900000, 0x000000008c900000|100%| E|CS|TAMS 0x000000008c800000, 0x000000008c800000| Complete 
| 169|0x000000008c900000, 0x000000008ca00000, 0x000000008ca00000|100%| E|CS|TAMS 0x000000008c900000, 0x000000008c900000| Complete 
| 170|0x000000008ca00000, 0x000000008cb00000, 0x000000008cb00000|100%| E|CS|TAMS 0x000000008ca00000, 0x000000008ca00000| Complete 
| 171|0x000000008cb00000, 0x000000008cc00000, 0x000000008cc00000|100%| E|CS|TAMS 0x000000008cb00000, 0x000000008cb00000| Complete 
| 172|0x000000008cc00000, 0x000000008cd00000, 0x000000008cd00000|100%| E|CS|TAMS 0x000000008cc00000, 0x000000008cc00000| Complete 
| 173|0x000000008cd00000, 0x000000008ce00000, 0x000000008ce00000|100%| E|CS|TAMS 0x000000008cd00000, 0x000000008cd00000| Complete 
| 174|0x000000008ce00000, 0x000000008cf00000, 0x000000008cf00000|100%| E|CS|TAMS 0x000000008ce00000, 0x000000008ce00000| Complete 
| 175|0x000000008cf00000, 0x000000008d000000, 0x000000008d000000|100%| E|CS|TAMS 0x000000008cf00000, 0x000000008cf00000| Complete 
| 176|0x000000008d000000, 0x000000008d100000, 0x000000008d100000|100%| E|CS|TAMS 0x000000008d000000, 0x000000008d000000| Complete 
| 177|0x000000008d100000, 0x000000008d200000, 0x000000008d200000|100%| E|CS|TAMS 0x000000008d100000, 0x000000008d100000| Complete 
| 178|0x000000008d200000, 0x000000008d300000, 0x000000008d300000|100%| E|CS|TAMS 0x000000008d200000, 0x000000008d200000| Complete 
| 179|0x000000008d300000, 0x000000008d400000, 0x000000008d400000|100%| E|CS|TAMS 0x000000008d300000, 0x000000008d300000| Complete 
| 180|0x000000008d400000, 0x000000008d500000, 0x000000008d500000|100%| E|CS|TAMS 0x000000008d400000, 0x000000008d400000| Complete 
| 181|0x000000008d500000, 0x000000008d600000, 0x000000008d600000|100%| E|CS|TAMS 0x000000008d500000, 0x000000008d500000| Complete 
| 182|0x000000008d600000, 0x000000008d700000, 0x000000008d700000|100%| E|CS|TAMS 0x000000008d600000, 0x000000008d600000| Complete 

Card table byte_map: [0x0000016e65210000,0x0000016e65600000] _byte_map_base: 0x0000016e64e00000

Marking Bits (Prev, Next): (CMBitMap*) 0x0000016e4d5ecd10, (CMBitMap*) 0x0000016e4d5eccd8
 Prev Bits: [0x0000016e67970000, 0x0000016e698f0000)
 Next Bits: [0x0000016e659f0000, 0x0000016e67970000)

Polling page: 0x0000016e4cd70000

Metaspace:

Usage:
  Non-class:     70.20 MB capacity,    68.77 MB ( 98%) used,     1.14 MB (  2%) free+waste,   290.94 KB ( <1%) overhead. 
      Class:     10.72 MB capacity,     9.78 MB ( 91%) used,   821.41 KB (  7%) free+waste,   141.75 KB (  1%) overhead. 
       Both:     80.91 MB capacity,    78.55 MB ( 97%) used,     1.94 MB (  2%) free+waste,   432.69 KB ( <1%) overhead. 

Virtual space:
  Non-class space:       72.00 MB reserved,      70.37 MB ( 98%) committed 
      Class space:        1.00 GB reserved,      10.75 MB (  1%) committed 
             Both:        1.07 GB reserved,      81.12 MB (  7%) committed 

Chunk freelists:
   Non-Class:  6.25 KB
       Class:  384 bytes
        Both:  6.63 KB

CodeHeap 'non-profiled nmethods': size=120000Kb used=4044Kb max_used=5408Kb free=115955Kb
 bounds [0x0000016e5d390000, 0x0000016e5d900000, 0x0000016e648c0000]
CodeHeap 'profiled nmethods': size=120000Kb used=12692Kb max_used=14652Kb free=107307Kb
 bounds [0x0000016e55e60000, 0x0000016e56cc0000, 0x0000016e5d390000]
CodeHeap 'non-nmethods': size=5760Kb used=1356Kb max_used=1454Kb free=4403Kb
 bounds [0x0000016e558c0000, 0x0000016e55b30000, 0x0000016e55e60000]
 total_blobs=8924 nmethods=5650 adapters=588
 compilation: enabled
              stopped_count=0, restarted_count=0
 full_count=0

Compilation events (10 events):
Event: 126.095 Thread 0x0000016e6ce14800 6763       3       jdk.internal.misc.Unsafe::copyMemory (33 bytes)
Event: 126.095 Thread 0x0000016e6ce08800 6765       4       java.util.stream.WhileOps$1Op$1OpSink::accept (85 bytes)
Event: 126.095 Thread 0x0000016e6ce14800 nmethod 6763 0x0000016e55f6ee10 code [0x0000016e55f6f100, 0x0000016e55f6fea0]
Event: 126.095 Thread 0x0000016e6ce14800 6764       3       jdk.internal.misc.Unsafe::copyMemoryChecks (21 bytes)
Event: 126.096 Thread 0x0000016e6ce14800 nmethod 6764 0x0000016e55f82990 code [0x0000016e55f82c80, 0x0000016e55f83a70]
Event: 126.096 Thread 0x0000016e6ce14800 6767       3       org.apache.http.util.LangUtils::hashCode (17 bytes)
Event: 126.097 Thread 0x0000016e6ce14800 nmethod 6767 0x0000016e55eac610 code [0x0000016e55eac7e0, 0x0000016e55eacab0]
Event: 126.099 Thread 0x0000016e6ce08800 nmethod 6765 0x0000016e5d3c4490 code [0x0000016e5d3c4660, 0x0000016e5d3c4c08]
Event: 126.099 Thread 0x0000016e6ce08800 6766       4       java.lang.StackStreamFactory$AbstractStackWalker::checkState (163 bytes)
Event: 126.099 Thread 0x0000016e6ce08800 nmethod 6766 0x0000016e5d3c3f90 code [0x0000016e5d3c4140, 0x0000016e5d3c4318]

GC Heap History (10 events):
Event: 4.285 GC heap before
{Heap before GC invocations=9 (full 0):
 garbage-first heap   total 155648K, used 103219K [0x0000000082000000, 0x0000000100000000)
  region size 1024K, 89 young (91136K), 8 survivors (8192K)
 Metaspace       used 49020K, capacity 50390K, committed 50480K, reserved 1093632K
  class space    used 5906K, capacity 6458K, committed 6528K, reserved 1048576K
}
Event: 4.298 GC heap after
{Heap after GC invocations=10 (full 0):
 garbage-first heap   total 155648K, used 23116K [0x0000000082000000, 0x0000000100000000)
  region size 1024K, 8 young (8192K), 8 survivors (8192K)
 Metaspace       used 49020K, capacity 50390K, committed 50480K, reserved 1093632K
  class space    used 5906K, capacity 6458K, committed 6528K, reserved 1048576K
}
Event: 5.222 GC heap before
{Heap before GC invocations=10 (full 0):
 garbage-first heap   total 155648K, used 104012K [0x0000000082000000, 0x0000000100000000)
  region size 1024K, 88 young (90112K), 8 survivors (8192K)
 Metaspace       used 58252K, capacity 59923K, committed 60028K, reserved 1101824K
  class space    used 6973K, capacity 7620K, committed 7680K, reserved 1048576K
}
Event: 5.243 GC heap after
{Heap after GC invocations=11 (full 0):
 garbage-first heap   total 187392K, used 29048K [0x0000000082000000, 0x0000000100000000)
  region size 1024K, 11 young (11264K), 11 survivors (11264K)
 Metaspace       used 58252K, capacity 59923K, committed 60028K, reserved 1101824K
  class space    used 6973K, capacity 7620K, committed 7680K, reserved 1048576K
}
Event: 5.962 GC heap before
{Heap before GC invocations=12 (full 0):
 garbage-first heap   total 187392K, used 121208K [0x0000000082000000, 0x0000000100000000)
  region size 1024K, 101 young (103424K), 11 survivors (11264K)
 Metaspace       used 60890K, capacity 62657K, committed 62716K, reserved 1103872K
  class space    used 7311K, capacity 8015K, committed 8064K, reserved 1048576K
}
Event: 5.979 GC heap after
{Heap after GC invocations=13 (full 0):
 garbage-first heap   total 187392K, used 34344K [0x0000000082000000, 0x0000000100000000)
  region size 1024K, 11 young (11264K), 11 survivors (11264K)
 Metaspace       used 60890K, capacity 62657K, committed 62716K, reserved 1103872K
  class space    used 7311K, capacity 8015K, committed 8064K, reserved 1048576K
}
Event: 6.775 GC heap before
{Heap before GC invocations=13 (full 0):
 garbage-first heap   total 187392K, used 128552K [0x0000000082000000, 0x0000000100000000)
  region size 1024K, 104 young (106496K), 11 survivors (11264K)
 Metaspace       used 68457K, capacity 70498K, committed 70780K, reserved 1112064K
  class space    used 8315K, capacity 9157K, committed 9216K, reserved 1048576K
}
Event: 6.784 GC heap after
{Heap after GC invocations=14 (full 0):
 garbage-first heap   total 187392K, used 39533K [0x0000000082000000, 0x0000000100000000)
  region size 1024K, 11 young (11264K), 11 survivors (11264K)
 Metaspace       used 68457K, capacity 70498K, committed 70780K, reserved 1112064K
  class space    used 8315K, capacity 9157K, committed 9216K, reserved 1048576K
}
Event: 7.664 GC heap before
{Heap before GC invocations=14 (full 0):
 garbage-first heap   total 187392K, used 136813K [0x0000000082000000, 0x0000000100000000)
  region size 1024K, 106 young (108544K), 11 survivors (11264K)
 Metaspace       used 73519K, capacity 75680K, committed 75900K, reserved 1116160K
  class space    used 9025K, capacity 9898K, committed 9984K, reserved 1048576K
}
Event: 7.673 GC heap after
{Heap after GC invocations=15 (full 0):
 garbage-first heap   total 187392K, used 40328K [0x0000000082000000, 0x0000000100000000)
  region size 1024K, 8 young (8192K), 8 survivors (8192K)
 Metaspace       used 73519K, capacity 75680K, committed 75900K, reserved 1116160K
  class space    used 9025K, capacity 9898K, committed 9984K, reserved 1048576K
}

Deoptimization events (10 events):
Event: 8.220 Thread 0x0000016e4d5ab800 Uncommon trap: reason=bimorphic_or_optimized_type_check action=maybe_recompile pc=0x0000016e5d63c89c method=java.lang.ClassLoader.loadClass(Ljava/lang/String;)Ljava/lang/Class; @ 3 c2
Event: 8.220 Thread 0x0000016e4d5ab800 Uncommon trap: reason=bimorphic_or_optimized_type_check action=maybe_recompile pc=0x0000016e5d63c89c method=java.lang.ClassLoader.loadClass(Ljava/lang/String;)Ljava/lang/Class; @ 3 c2
Event: 8.220 Thread 0x0000016e4d5ab800 Uncommon trap: reason=bimorphic_or_optimized_type_check action=maybe_recompile pc=0x0000016e5d63c89c method=java.lang.ClassLoader.loadClass(Ljava/lang/String;)Ljava/lang/Class; @ 3 c2
Event: 8.222 Thread 0x0000016e4d5ab800 Uncommon trap: reason=unstable_if action=reinterpret pc=0x0000016e5d3eac1c method=java.lang.String.substring(II)Ljava/lang/String; @ 31 c2
Event: 8.222 Thread 0x0000016e4d5ab800 Uncommon trap: reason=unstable_if action=reinterpret pc=0x0000016e5d3b8680 method=java.lang.String.indexOf(II)I @ 4 c2
Event: 8.222 Thread 0x0000016e4d5ab800 Uncommon trap: reason=unstable_if action=reinterpret pc=0x0000016e5d580150 method=java.lang.String.getChars(II[CI)V @ 23 c2
Event: 8.375 Thread 0x0000016e4d5ab800 Uncommon trap: reason=unstable_fused_if action=reinterpret pc=0x0000016e5d4422f8 method=java.io.DataOutputStream.writeUTF(Ljava/lang/String;Ljava/io/DataOutput;)I @ 30 c2
Event: 27.060 Thread 0x0000016e6d163000 Uncommon trap: reason=unstable_if action=reinterpret pc=0x0000016e5d5e6d1c method=sun.instrument.InstrumentationImpl.transform(Ljava/lang/Module;Ljava/lang/ClassLoader;Ljava/lang/String;Ljava/lang/Class;Ljava/security/ProtectionDomain;[BZ)[B @ 24 c2
Event: 27.060 Thread 0x0000016e6d163000 Uncommon trap: reason=unstable_if action=reinterpret pc=0x0000016e5d6c0208 method=com.intellij.rt.debugger.agent.CaptureAgent$CaptureTransformer.transform(Ljava/lang/ClassLoader;Ljava/lang/String;Ljava/lang/Class;Ljava/security/ProtectionDomain;[B)[B @ 5 
Event: 125.784 Thread 0x0000016e7773d800 Uncommon trap: reason=unstable_if action=reinterpret pc=0x0000016e5d3cd24c method=java.lang.StringCoding.encodeUTF8(B[BZ)[B @ 18 c2

Classes redefined (1 events):
Event: 27.102 Thread 0x0000016e6c568000 redefined class name=com.silence.elasticsearch.EsTest, count=1

Internal exceptions (10 events):
Event: 7.632 Thread 0x0000016e4d5ab800 Exception <a 'java/lang/ClassNotFoundException'{0x0000000087cf6400}: com/silence/elasticsearch/EsTestCustomizer> (0x0000000087cf6400) thrown at [t:/workspace/open/src/hotspot/share/classfile/systemDictionary.cpp, line 231]
Event: 7.640 Thread 0x0000016e4d5ab800 Exception <a 'java/lang/NoSuchMethodError'{0x0000000087bcc420}: java.lang.invoke.DirectMethodHandle$Holder.invokeSpecial(Ljava/lang/Object;Ljava/lang/Object;Ljava/lang/Object;Ljava/lang/Object;Ljava/lang/Object;I)Ljava/lang/Object;> (0x0000000087bcc420) t
Event: 7.640 Thread 0x0000016e4d5ab800 Exception <a 'java/lang/NoSuchMethodError'{0x0000000087bcfb10}: java.lang.invoke.Invokers$Holder.linkToTargetMethod(Ljava/lang/Object;Ljava/lang/Object;Ljava/lang/Object;ILjava/lang/Object;)Ljava/lang/Object;> (0x0000000087bcfb10) thrown at [t:/workspace/
Event: 7.908 Thread 0x0000016e4d5ab800 Exception <a 'java/lang/ClassNotFoundException'{0x000000008b3561a8}: java/lang/ClassLoader$ByteBuddyAccessor$B4xt4CLn> (0x000000008b3561a8) thrown at [t:/workspace/open/src/hotspot/share/classfile/systemDictionary.cpp, line 231]
Event: 8.127 Thread 0x0000016e4d5ab800 Exception <a 'java/lang/NoSuchMethodError'{0x0000000089d2efb0}: java.lang.invoke.DirectMethodHandle$Holder.invokeStatic(Ljava/lang/Object;Ljava/lang/Object;)F> (0x0000000089d2efb0) thrown at [t:/workspace/open/src/hotspot/share/interpreter/linkResolver.cp
Event: 8.127 Thread 0x0000016e4d5ab800 Exception <a 'java/lang/NoSuchMethodError'{0x0000000089d32308}: java.lang.invoke.DirectMethodHandle$Holder.invokeStaticInit(Ljava/lang/Object;Ljava/lang/Object;)F> (0x0000000089d32308) thrown at [t:/workspace/open/src/hotspot/share/interpreter/linkResolve
Event: 14.375 Thread 0x0000016e73070800 Exception <a 'java/io/FileNotFoundException'{0x00000000894caba0}> (0x00000000894caba0) thrown at [t:/workspace/open/src/hotspot/share/prims/jni.cpp, line 615]
Event: 15.711 Thread 0x0000016e73070800 Exception <a 'java/io/FileNotFoundException'{0x00000000894cb330}> (0x00000000894cb330) thrown at [t:/workspace/open/src/hotspot/share/prims/jni.cpp, line 615]
Event: 125.766 Thread 0x0000016e73070800 Exception <a 'java/io/FileNotFoundException'{0x00000000894d2280}> (0x00000000894d2280) thrown at [t:/workspace/open/src/hotspot/share/prims/jni.cpp, line 615]
Event: 125.767 Thread 0x0000016e73070800 Exception <a 'java/io/FileNotFoundException'{0x00000000894d2a10}> (0x00000000894d2a10) thrown at [t:/workspace/open/src/hotspot/share/prims/jni.cpp, line 615]

Events (10 events):
Event: 126.064 loading class org/elasticsearch/common/CheckedFunction done
Event: 126.079 Executing VM operation: RevokeBias
Event: 126.079 Executing VM operation: RevokeBias done
Event: 126.080 Executing VM operation: RevokeBias
Event: 126.080 Executing VM operation: RevokeBias done
Event: 126.080 Executing VM operation: RevokeBias
Event: 126.080 Executing VM operation: RevokeBias done
Event: 126.081 Thread 0x0000016e6ce19000 flushing nmethod 0x0000016e55f16410
Event: 126.096 Executing VM operation: RevokeBias
Event: 126.096 Executing VM operation: RevokeBias done


Dynamic libraries:
0x00007ff6e1bc0000 - 0x00007ff6e1c07000 	D:\jdk\jdk11\bin\java.exe
0x00007ff9ac7f0000 - 0x00007ff9ac9e7000 	C:\Windows\SYSTEM32\ntdll.dll
0x00007ff9ac480000 - 0x00007ff9ac53d000 	C:\Windows\System32\KERNEL32.DLL
0x00007ff9a9f10000 - 0x00007ff9aa1dd000 	C:\Windows\System32\KERNELBASE.dll
0x00007ff9ac0f0000 - 0x00007ff9ac19e000 	C:\Windows\System32\ADVAPI32.dll
0x00007ff9ab100000 - 0x00007ff9ab19e000 	C:\Windows\System32\msvcrt.dll
0x00007ff9ab350000 - 0x00007ff9ab3ec000 	C:\Windows\System32\sechost.dll
0x00007ff9ab1a0000 - 0x00007ff9ab2c5000 	C:\Windows\System32\RPCRT4.dll
0x00007ff9ac540000 - 0x00007ff9ac6e0000 	C:\Windows\System32\USER32.dll
0x00007ff9aa6c0000 - 0x00007ff9aa6e2000 	C:\Windows\System32\win32u.dll
0x00007ff9abfb0000 - 0x00007ff9abfda000 	C:\Windows\System32\GDI32.dll
0x00007ff9aa290000 - 0x00007ff9aa39b000 	C:\Windows\System32\gdi32full.dll
0x00007ff9aa620000 - 0x00007ff9aa6bd000 	C:\Windows\System32\msvcp_win.dll
0x00007ff9aa4f0000 - 0x00007ff9aa5f0000 	C:\Windows\System32\ucrtbase.dll
0x00007ff9a0b80000 - 0x00007ff9a0e1a000 	C:\Windows\WinSxS\amd64_microsoft.windows.common-controls_6595b64144ccf1df_6.0.19041.1110_none_60b5254171f9507e\COMCTL32.dll
0x00007ff9a7f10000 - 0x00007ff9a7f1a000 	C:\Windows\SYSTEM32\VERSION.dll
0x00007ff9aac40000 - 0x00007ff9aac70000 	C:\Windows\System32\IMM32.DLL
0x00007ff99c880000 - 0x00007ff99c896000 	D:\jdk\jdk11\bin\vcruntime140.dll
0x00007ff992240000 - 0x00007ff9922ea000 	D:\jdk\jdk11\bin\msvcp140.dll
0x00007ff95b640000 - 0x00007ff95c167000 	D:\jdk\jdk11\bin\server\jvm.dll
0x00007ff9ab340000 - 0x00007ff9ab348000 	C:\Windows\System32\PSAPI.DLL
0x00007ff9a06f0000 - 0x00007ff9a0717000 	C:\Windows\SYSTEM32\WINMM.dll
0x00007ff99e8d0000 - 0x00007ff99e8d9000 	C:\Windows\SYSTEM32\WSOCK32.dll
0x00007ff9ab2d0000 - 0x00007ff9ab33b000 	C:\Windows\System32\WS2_32.dll
0x00007ff9a87f0000 - 0x00007ff9a8802000 	C:\Windows\SYSTEM32\kernel.appcore.dll
0x00007ff99bb50000 - 0x00007ff99bb61000 	D:\jdk\jdk11\bin\verify.dll
0x00007ff9a3660000 - 0x00007ff9a3844000 	C:\Windows\SYSTEM32\DBGHELP.DLL
0x00007ff9a35e0000 - 0x00007ff9a360c000 	C:\Windows\SYSTEM32\dbgcore.DLL
0x00007ff9aa3a0000 - 0x00007ff9aa422000 	C:\Windows\System32\bcryptPrimitives.dll
0x00007ff992c00000 - 0x00007ff992c29000 	D:\jdk\jdk11\bin\java.dll
0x00007ff992180000 - 0x00007ff9921b7000 	D:\jdk\jdk11\bin\jdwp.dll
0x00007ff9920c0000 - 0x00007ff9920ef000 	D:\jdk\jdk11\bin\instrument.dll
0x00007ff993ad0000 - 0x00007ff993ae6000 	D:\jdk\jdk11\bin\zip.dll
0x00007ff9a8000000 - 0x00007ff9a800a000 	D:\jdk\jdk11\bin\jimage.dll
0x00007ff9ab3f0000 - 0x00007ff9abb34000 	C:\Windows\System32\SHELL32.dll
0x00007ff9a8010000 - 0x00007ff9a87a4000 	C:\Windows\SYSTEM32\windows.storage.dll
0x00007ff9aac70000 - 0x00007ff9aafc4000 	C:\Windows\System32\combase.dll
0x00007ff9a98a0000 - 0x00007ff9a98cc000 	C:\Windows\SYSTEM32\Wldp.dll
0x00007ff9aa8b0000 - 0x00007ff9aa95d000 	C:\Windows\System32\SHCORE.dll
0x00007ff9aa850000 - 0x00007ff9aa8a5000 	C:\Windows\System32\shlwapi.dll
0x00007ff9a9e50000 - 0x00007ff9a9e6f000 	C:\Windows\SYSTEM32\profapi.dll
0x00007ff994710000 - 0x00007ff99471a000 	D:\jdk\jdk11\bin\dt_socket.dll
0x00007ff9a9600000 - 0x00007ff9a966a000 	C:\Windows\system32\mswsock.dll
0x00007ff992be0000 - 0x00007ff992bf9000 	D:\jdk\jdk11\bin\net.dll
0x00007ff99fc60000 - 0x00007ff99fe4c000 	C:\Windows\SYSTEM32\urlmon.dll
0x00007ff9a4bc0000 - 0x00007ff9a4cca000 	C:\Windows\SYSTEM32\WINHTTP.dll
0x00007ff9a9400000 - 0x00007ff9a940c000 	C:\Windows\SYSTEM32\netutils.dll
0x00007ff99ede0000 - 0x00007ff99f091000 	C:\Windows\SYSTEM32\iertutil.dll
0x00007ff99f0d0000 - 0x00007ff99f0f8000 	C:\Windows\SYSTEM32\srvcli.dll
0x00007ff992bc0000 - 0x00007ff992bd3000 	D:\jdk\jdk11\bin\nio.dll
0x00007ff9a3250000 - 0x00007ff9a3259000 	D:\jdk\jdk11\bin\management.dll
0x00007ff9947a0000 - 0x00007ff9947ac000 	D:\jdk\jdk11\bin\management_ext.dll
0x00007ff99c710000 - 0x00007ff99c727000 	C:\Windows\system32\napinsp.dll
0x00007ff99c6f0000 - 0x00007ff99c70b000 	C:\Windows\system32\pnrpnsp.dll
0x00007ff99c6d0000 - 0x00007ff99c6e5000 	C:\Windows\system32\wshbth.dll
0x00007ff9a53c0000 - 0x00007ff9a53dd000 	C:\Windows\system32\NLAapi.dll
0x00007ff9a92f0000 - 0x00007ff9a932b000 	C:\Windows\SYSTEM32\IPHLPAPI.DLL
0x00007ff9a9330000 - 0x00007ff9a93fb000 	C:\Windows\SYSTEM32\DNSAPI.dll
0x00007ff9ac0d0000 - 0x00007ff9ac0d8000 	C:\Windows\System32\NSI.dll
0x00007ff99c6b0000 - 0x00007ff99c6c2000 	C:\Windows\System32\winrnr.dll
0x00007ff9a4a40000 - 0x00007ff9a4a4a000 	C:\Windows\System32\rasadhlp.dll
0x00007ff9a48d0000 - 0x00007ff9a4950000 	C:\Windows\System32\fwpuclnt.dll
0x00007ff9aa5f0000 - 0x00007ff9aa617000 	C:\Windows\System32\bcrypt.dll
0x00007ff9a51d0000 - 0x00007ff9a51e7000 	C:\Windows\SYSTEM32\dhcpcsvc6.DLL
0x00007ff9a51b0000 - 0x00007ff9a51cd000 	C:\Windows\SYSTEM32\dhcpcsvc.DLL
0x00007ff9a97f0000 - 0x00007ff9a9808000 	C:\Windows\SYSTEM32\CRYPTSP.dll
0x00007ff9a8f80000 - 0x00007ff9a8fb4000 	C:\Windows\system32\rsaenh.dll
0x00007ff9a9dd0000 - 0x00007ff9a9dfe000 	C:\Windows\SYSTEM32\USERENV.dll
0x00007ff9a9810000 - 0x00007ff9a981c000 	C:\Windows\SYSTEM32\CRYPTBASE.dll
0x00007ff9944d0000 - 0x00007ff9944dd000 	D:\jdk\jdk11\bin\sunmscapi.dll
0x00007ff9aa6f0000 - 0x00007ff9aa846000 	C:\Windows\System32\CRYPT32.dll
0x00007ff9a9910000 - 0x00007ff9a9937000 	C:\Windows\SYSTEM32\ncrypt.dll
0x00007ff9a98d0000 - 0x00007ff9a990b000 	C:\Windows\SYSTEM32\NTASN1.dll
0x00007ff98d4d0000 - 0x00007ff98d4f7000 	D:\jdk\jdk11\bin\sunec.dll

dbghelp: loaded successfully - version: 4.0.5 - missing functions: none
symbol engine: initialized successfully - sym options: 0x614 - pdb path: .;D:\jdk\jdk11\bin;C:\Windows\SYSTEM32;C:\Windows\WinSxS\amd64_microsoft.windows.common-controls_6595b64144ccf1df_6.0.19041.1110_none_60b5254171f9507e;D:\jdk\jdk11\bin\server

VM Arguments:
jvm_args: -agentlib:jdwp=transport=dt_socket,address=127.0.0.1:55709,suspend=y,server=n -ea -Didea.test.cyclic.buffer.size=1048576 -javaagent:C:\Users\Administrator\AppData\Local\JetBrains\IntelliJIdea2020.3\captureAgent\debugger-agent.jar -Dfile.encoding=UTF-8 
java_command: com.intellij.rt.junit.JUnitStarter -ideVersion5 -junit5 com.silence.elasticsearch.EsTest,multiSearchIndex
java_class_path (initial): D:\program\idea\IntelliJ IDEA 2020.3.2\lib\idea_rt.jar;C:\Users\Administrator\.m2\repository\org\junit\platform\junit-platform-launcher\1.7.2\junit-platform-launcher-1.7.2.jar;D:\program\idea\IntelliJ IDEA 2020.3.2\plugins\junit\lib\junit5-rt.jar;D:\program\idea\IntelliJ IDEA 2020.3.2\plugins\junit\lib\junit-rt.jar;D:\code\silence-work\silence-elasticsearch\target\test-classes;D:\code\silence-work\silence-elasticsearch\target\classes;C:\Users\Administrator\.m2\repository\org\springframework\boot\spring-boot-starter-web\2.5.3\spring-boot-starter-web-2.5.3.jar;C:\Users\Administrator\.m2\repository\org\springframework\boot\spring-boot-starter-json\2.5.3\spring-boot-starter-json-2.5.3.jar;C:\Users\Administrator\.m2\repository\com\fasterxml\jackson\core\jackson-databind\2.12.4\jackson-databind-2.12.4.jar;C:\Users\Administrator\.m2\repository\com\fasterxml\jackson\datatype\jackson-datatype-jdk8\2.12.4\jackson-datatype-jdk8-2.12.4.jar;C:\Users\Administrator\.m2\repository\com\fasterxml\jackson\datatype\jackson-datatype-jsr310\2.12.4\jackson-datatype-jsr310-2.12.4.jar;C:\Users\Administrator\.m2\repository\com\fasterxml\jackson\module\jackson-module-parameter-names\2.12.4\jackson-module-parameter-names-2.12.4.jar;C:\Users\Administrator\.m2\repository\org\springframework\boot\spring-boot-starter-tomcat\2.5.3\spring-boot-starter-tomcat-2.5.3.jar;C:\Users\Administrator\.m2\repository\org\apache\tomcat\embed\tomcat-embed-core\9.0.50\tomcat-embed-core-9.0.50.jar;C:\Users\Administrator\.m2\repository\org\apache\tomcat\embed\tomcat-embed-el\9.0.50\tomcat-embed-el-9.0.50.jar;C:\Users\Administrator\.m2\repository\org\apache\tomcat\embed\tomcat-embed-websocket\9.0.50\tomcat-embed-websocket-9.0.50.jar;C:\Users\Administrator\.m2\repository\org\springframework\spring-web\5.3.9\spring-web-5.3.9.jar;C:\Users\Administrator\.m2\repository\org\springframework\spring-beans\5.3.9\spring-beans-5.3.9.jar;C:\Users\Administrator\.m2\repository\org\springframework\spring
Launcher Type: SUN_STANDARD

[Global flags]
     intx CICompilerCount                          = 4                                         {product} {ergonomic}
     uint ConcGCThreads                            = 3                                         {product} {ergonomic}
     uint G1ConcRefinementThreads                  = 10                                        {product} {ergonomic}
   size_t G1HeapRegionSize                         = 1048576                                   {product} {ergonomic}
    uintx GCDrainStackTargetSize                   = 64                                        {product} {ergonomic}
   size_t InitialHeapSize                          = 132120576                                 {product} {ergonomic}
   size_t MarkStackSize                            = 4194304                                   {product} {ergonomic}
   size_t MaxHeapSize                              = 2113929216                                {product} {ergonomic}
   size_t MaxNewSize                               = 1267728384                                {product} {ergonomic}
   size_t MinHeapDeltaBytes                        = 1048576                                   {product} {ergonomic}
    uintx NonNMethodCodeHeapSize                   = 5835340                                {pd product} {ergonomic}
    uintx NonProfiledCodeHeapSize                  = 122911450                              {pd product} {ergonomic}
    uintx ProfiledCodeHeapSize                     = 122911450                              {pd product} {ergonomic}
    uintx ReservedCodeCacheSize                    = 251658240                              {pd product} {ergonomic}
     bool SegmentedCodeCache                       = true                                      {product} {ergonomic}
     bool UseCompressedClassPointers               = true                                 {lp64_product} {ergonomic}
     bool UseCompressedOops                        = true                                 {lp64_product} {ergonomic}
     bool UseG1GC                                  = true                                      {product} {ergonomic}
     bool UseLargePagesIndividualAllocation        = false                                  {pd product} {ergonomic}

Logging:
Log output configuration:
 #0: stdout all=warning uptime,level,tags
 #1: stderr all=off uptime,level,tags

Environment Variables:
JAVA_HOME=D:\jdk\jdk11\
CLASSPATH=.;D:\jdk\jdk11\\lib\dt.jar;D:\jdk\jdk11\\lib\tools.jar;
PATH=C:\Windows\system32;C:\Windows;C:\Windows\System32\Wbem;C:\Windows\System32\WindowsPowerShell\v1.0\;C:\Windows\System32\OpenSSH\;D:\jdk\jdk11\\bin;C:\Program Files\TortoiseGit\bin;D:\program\Git\bin;D:\program\Git\cmd;D:\go\bin;D:\program\apache-maven-3.8.1\bin;D:\program\js\;D:\program\vx\vagrant\bin;C:\Program Files\dotnet\;C:\Program Files\OpenSSL-Win64\bin;D:\program\Netsarang\;D:\program\Xftp\;C:\Users\Administrator\AppData\Local\Microsoft\WindowsApps;;D:\program\Microsoft VS Code\bin;C:\Users\Administrator\go\bin;C:\Users\Administrator\AppData\Roaming\npm
USERNAME=Administrator
OS=Windows_NT
PROCESSOR_IDENTIFIER=Intel64 Family 6 Model 165 Stepping 3, GenuineIntel



---------------  S Y S T E M  ---------------

OS: Windows 10 , 64 bit Build 19041 (10.0.19041.1741)

CPU:total 12 (initial active 12) (6 cores per cpu, 2 threads per core) family 6 model 165 stepping 3, cmov, cx8, fxsr, mmx, sse, sse2, sse3, ssse3, sse4.1, sse4.2, popcnt, avx, avx2, aes, clmul, erms, 3dnowpref, lzcnt, ht, tsc, tscinvbit, bmi1, bmi2, adx, fma

Memory: 4k page, system-wide physical 8060M (1016M free)
TotalPageFile size 19157M (AvailPageFile size 7093M)
current process WorkingSet (physical memory assigned to process): 358M, peak: 477M
current process commit charge ("private bytes"): 433M, peak: 536M

vm_info: Java HotSpot(TM) 64-Bit Server VM (11.0.2+7-LTS) for windows-amd64 JRE (11.0.2+7-LTS), built on Dec 12 2018 03:49:33 by "mach5one" with MS VC++ 15.5 (VS2017)

END.
